[2022-10-25T15:45:52.661] [ERROR] prod - Error al loguearse
[2022-11-06T14:59:21.651] [ERROR] prod - Error al loguearse
[2022-11-08T14:27:57.291] [ERROR] prod - Error al loguearse
[2022-12-24T14:43:42.203] [ERROR] prod - CastError: Cast to Number failed for value "6323641f1a6e8f629b4c8d1e" (type string) at path "id" for model "Carts"
    at model.Query.exec (C:\Users\CMT\Desktop\Workspace\backend\entrega_03\node_modules\mongoose\lib\query.js:4884:21)
    at Query.then (C:\Users\CMT\Desktop\Workspace\backend\entrega_03\node_modules\mongoose\lib\query.js:4983:15)
    at process.processTicksAndRejections (node:internal/process/task_queues:95:5) {
  messageFormat: undefined,
  stringValue: '"6323641f1a6e8f629b4c8d1e"',
  kind: 'Number',
  value: '6323641f1a6e8f629b4c8d1e',
  path: 'id',
  reason: AssertionError [ERR_ASSERTION]: The expression evaluated to a falsy value:
  
    assert.ok(!isNaN(val))
  
      at castNumber (C:\Users\CMT\Desktop\Workspace\backend\entrega_03\node_modules\mongoose\lib\cast\number.js:27:10)
      at SchemaNumber.cast (C:\Users\CMT\Desktop\Workspace\backend\entrega_03\node_modules\mongoose\lib\schema\number.js:376:12)
      at SchemaType.applySetters (C:\Users\CMT\Desktop\Workspace\backend\entrega_03\node_modules\mongoose\lib\schematype.js:1201:12)
      at SchemaType._castForQuery (C:\Users\CMT\Desktop\Workspace\backend\entrega_03\node_modules\mongoose\lib\schematype.js:1648:15)
      at SchemaNumber.castForQuery (C:\Users\CMT\Desktop\Workspace\backend\entrega_03\node_modules\mongoose\lib\schema\number.js:430:14)
      at SchemaType.castForQueryWrapper (C:\Users\CMT\Desktop\Workspace\backend\entrega_03\node_modules\mongoose\lib\schematype.js:1612:20)
      at cast (C:\Users\CMT\Desktop\Workspace\backend\entrega_03\node_modules\mongoose\lib\cast.js:347:32)
      at Query.cast (C:\Users\CMT\Desktop\Workspace\backend\entrega_03\node_modules\mongoose\lib\query.js:5312:12)
      at Query._castConditions (C:\Users\CMT\Desktop\Workspace\backend\entrega_03\node_modules\mongoose\lib\query.js:2198:10)
      at model.Query.<anonymous> (C:\Users\CMT\Desktop\Workspace\backend\entrega_03\node_modules\mongoose\lib\query.js:2225:8) {
    generatedMessage: true,
    code: 'ERR_ASSERTION',
    actual: false,
    expected: true,
    operator: '=='
  },
  valueType: 'string'
}
[2023-01-02T16:35:30.240] [ERROR] prod - CastError: Cast to ObjectId failed for value "6323641" (type number) at path "_id" for model "Carts"
    at model.Query.exec (C:\Users\CMT\Desktop\Workspace\backend\proyecto_final\node_modules\mongoose\lib\query.js:4884:21)
    at Query.then (C:\Users\CMT\Desktop\Workspace\backend\proyecto_final\node_modules\mongoose\lib\query.js:4983:15)
    at process.processTicksAndRejections (node:internal/process/task_queues:95:5) {
  messageFormat: undefined,
  stringValue: '"6323641"',
  kind: 'ObjectId',
  value: 6323641,
  path: '_id',
  reason: BSONTypeError: Argument passed in must be a string of 12 bytes or a string of 24 hex characters or an integer
      at new BSONTypeError (C:\Users\CMT\Desktop\Workspace\backend\proyecto_final\node_modules\bson\lib\error.js:41:28)
      at new ObjectId (C:\Users\CMT\Desktop\Workspace\backend\proyecto_final\node_modules\bson\lib\objectid.js:67:23)
      at castObjectId (C:\Users\CMT\Desktop\Workspace\backend\proyecto_final\node_modules\mongoose\lib\cast\objectid.js:25:12)
      at ObjectId.cast (C:\Users\CMT\Desktop\Workspace\backend\proyecto_final\node_modules\mongoose\lib\schema\objectid.js:246:12)
      at SchemaType.applySetters (C:\Users\CMT\Desktop\Workspace\backend\proyecto_final\node_modules\mongoose\lib\schematype.js:1201:12)
      at SchemaType._castForQuery (C:\Users\CMT\Desktop\Workspace\backend\proyecto_final\node_modules\mongoose\lib\schematype.js:1648:15)
      at SchemaType.castForQuery (C:\Users\CMT\Desktop\Workspace\backend\proyecto_final\node_modules\mongoose\lib\schematype.js:1636:15)
      at SchemaType.castForQueryWrapper (C:\Users\CMT\Desktop\Workspace\backend\proyecto_final\node_modules\mongoose\lib\schematype.js:1612:20)
      at cast (C:\Users\CMT\Desktop\Workspace\backend\proyecto_final\node_modules\mongoose\lib\cast.js:347:32)
      at Query.cast (C:\Users\CMT\Desktop\Workspace\backend\proyecto_final\node_modules\mongoose\lib\query.js:5312:12),
  valueType: 'number'
}
[2023-01-02T17:26:24.019] [ERROR] prod - Error al registrarse
[2023-01-02T17:32:50.483] [ERROR] prod - Error al registrarse
[2023-01-02T17:35:24.475] [ERROR] prod - Error al registrarse
[2023-01-02T17:36:16.294] [ERROR] prod - Error al registrarse
[2023-01-02T17:37:38.375] [ERROR] prod - Error al registrarse
[2023-01-02T17:47:44.525] [ERROR] prod - Error al registrarse
[2023-01-02T17:48:44.254] [ERROR] prod - Error al registrarse
[2023-01-02T17:59:06.806] [ERROR] prod - Error al registrarse
[2023-01-02T18:01:09.433] [ERROR] prod - Error al loguearse
[2023-01-02T18:02:27.440] [ERROR] prod - Error al loguearse
[2023-01-02T18:05:23.004] [ERROR] prod - Error al loguearse
[2023-01-02T18:09:45.467] [ERROR] prod - Error al loguearse
[2023-01-02T18:09:57.195] [ERROR] prod - Error al loguearse
[2023-01-02T18:16:13.775] [ERROR] prod - Error al loguearse
[2023-01-02T18:17:00.746] [ERROR] prod - Error al loguearse
[2023-01-02T20:47:55.525] [ERROR] prod - Error al loguearse
[2023-01-03T12:41:28.446] [ERROR] prod - CastError: Cast to ObjectId failed for value "NaN" (type number) at path "_id" for model "Products"
    at model.Query.exec (C:\Users\CMT\Desktop\Workspace\backend\proyecto_final\node_modules\mongoose\lib\query.js:4884:21)
    at Query.then (C:\Users\CMT\Desktop\Workspace\backend\proyecto_final\node_modules\mongoose\lib\query.js:4983:15)
    at process.processTicksAndRejections (node:internal/process/task_queues:95:5) {
  messageFormat: undefined,
  stringValue: '"NaN"',
  kind: 'ObjectId',
  value: NaN,
  path: '_id',
  reason: BSONTypeError: Argument passed in must be a string of 12 bytes or a string of 24 hex characters or an integer
      at new BSONTypeError (C:\Users\CMT\Desktop\Workspace\backend\proyecto_final\node_modules\bson\lib\error.js:41:28)
      at new ObjectId (C:\Users\CMT\Desktop\Workspace\backend\proyecto_final\node_modules\bson\lib\objectid.js:67:23)
      at castObjectId (C:\Users\CMT\Desktop\Workspace\backend\proyecto_final\node_modules\mongoose\lib\cast\objectid.js:25:12)
      at ObjectId.cast (C:\Users\CMT\Desktop\Workspace\backend\proyecto_final\node_modules\mongoose\lib\schema\objectid.js:246:12)
      at SchemaType.applySetters (C:\Users\CMT\Desktop\Workspace\backend\proyecto_final\node_modules\mongoose\lib\schematype.js:1201:12)
      at SchemaType._castForQuery (C:\Users\CMT\Desktop\Workspace\backend\proyecto_final\node_modules\mongoose\lib\schematype.js:1648:15)
      at SchemaType.castForQuery (C:\Users\CMT\Desktop\Workspace\backend\proyecto_final\node_modules\mongoose\lib\schematype.js:1636:15)
      at SchemaType.castForQueryWrapper (C:\Users\CMT\Desktop\Workspace\backend\proyecto_final\node_modules\mongoose\lib\schematype.js:1612:20)
      at cast (C:\Users\CMT\Desktop\Workspace\backend\proyecto_final\node_modules\mongoose\lib\cast.js:347:32)
      at Query.cast (C:\Users\CMT\Desktop\Workspace\backend\proyecto_final\node_modules\mongoose\lib\query.js:5312:12),
  valueType: 'number'
}
[2023-01-03T12:43:07.206] [ERROR] prod - CastError: Cast to ObjectId failed for value "NaN" (type number) at path "_id" for model "Products"
    at model.Query.exec (C:\Users\CMT\Desktop\Workspace\backend\proyecto_final\node_modules\mongoose\lib\query.js:4884:21)
    at Query.then (C:\Users\CMT\Desktop\Workspace\backend\proyecto_final\node_modules\mongoose\lib\query.js:4983:15)
    at process.processTicksAndRejections (node:internal/process/task_queues:95:5) {
  messageFormat: undefined,
  stringValue: '"NaN"',
  kind: 'ObjectId',
  value: NaN,
  path: '_id',
  reason: BSONTypeError: Argument passed in must be a string of 12 bytes or a string of 24 hex characters or an integer
      at new BSONTypeError (C:\Users\CMT\Desktop\Workspace\backend\proyecto_final\node_modules\bson\lib\error.js:41:28)
      at new ObjectId (C:\Users\CMT\Desktop\Workspace\backend\proyecto_final\node_modules\bson\lib\objectid.js:67:23)
      at castObjectId (C:\Users\CMT\Desktop\Workspace\backend\proyecto_final\node_modules\mongoose\lib\cast\objectid.js:25:12)
      at ObjectId.cast (C:\Users\CMT\Desktop\Workspace\backend\proyecto_final\node_modules\mongoose\lib\schema\objectid.js:246:12)
      at SchemaType.applySetters (C:\Users\CMT\Desktop\Workspace\backend\proyecto_final\node_modules\mongoose\lib\schematype.js:1201:12)
      at SchemaType._castForQuery (C:\Users\CMT\Desktop\Workspace\backend\proyecto_final\node_modules\mongoose\lib\schematype.js:1648:15)
      at SchemaType.castForQuery (C:\Users\CMT\Desktop\Workspace\backend\proyecto_final\node_modules\mongoose\lib\schematype.js:1636:15)
      at SchemaType.castForQueryWrapper (C:\Users\CMT\Desktop\Workspace\backend\proyecto_final\node_modules\mongoose\lib\schematype.js:1612:20)
      at cast (C:\Users\CMT\Desktop\Workspace\backend\proyecto_final\node_modules\mongoose\lib\cast.js:347:32)
      at Query.cast (C:\Users\CMT\Desktop\Workspace\backend\proyecto_final\node_modules\mongoose\lib\query.js:5312:12),
  valueType: 'number'
}
[2023-01-03T12:43:52.083] [ERROR] prod - CastError: Cast to ObjectId failed for value "NaN" (type number) at path "_id" for model "Products"
    at model.Query.exec (C:\Users\CMT\Desktop\Workspace\backend\proyecto_final\node_modules\mongoose\lib\query.js:4884:21)
    at Query.then (C:\Users\CMT\Desktop\Workspace\backend\proyecto_final\node_modules\mongoose\lib\query.js:4983:15)
    at process.processTicksAndRejections (node:internal/process/task_queues:95:5) {
  messageFormat: undefined,
  stringValue: '"NaN"',
  kind: 'ObjectId',
  value: NaN,
  path: '_id',
  reason: BSONTypeError: Argument passed in must be a string of 12 bytes or a string of 24 hex characters or an integer
      at new BSONTypeError (C:\Users\CMT\Desktop\Workspace\backend\proyecto_final\node_modules\bson\lib\error.js:41:28)
      at new ObjectId (C:\Users\CMT\Desktop\Workspace\backend\proyecto_final\node_modules\bson\lib\objectid.js:67:23)
      at castObjectId (C:\Users\CMT\Desktop\Workspace\backend\proyecto_final\node_modules\mongoose\lib\cast\objectid.js:25:12)
      at ObjectId.cast (C:\Users\CMT\Desktop\Workspace\backend\proyecto_final\node_modules\mongoose\lib\schema\objectid.js:246:12)
      at SchemaType.applySetters (C:\Users\CMT\Desktop\Workspace\backend\proyecto_final\node_modules\mongoose\lib\schematype.js:1201:12)
      at SchemaType._castForQuery (C:\Users\CMT\Desktop\Workspace\backend\proyecto_final\node_modules\mongoose\lib\schematype.js:1648:15)
      at SchemaType.castForQuery (C:\Users\CMT\Desktop\Workspace\backend\proyecto_final\node_modules\mongoose\lib\schematype.js:1636:15)
      at SchemaType.castForQueryWrapper (C:\Users\CMT\Desktop\Workspace\backend\proyecto_final\node_modules\mongoose\lib\schematype.js:1612:20)
      at cast (C:\Users\CMT\Desktop\Workspace\backend\proyecto_final\node_modules\mongoose\lib\cast.js:347:32)
      at Query.cast (C:\Users\CMT\Desktop\Workspace\backend\proyecto_final\node_modules\mongoose\lib\query.js:5312:12),
  valueType: 'number'
}
[2023-01-03T12:46:40.557] [ERROR] prod - CastError: Cast to ObjectId failed for value "NaN" (type number) at path "_id" for model "Products"
    at model.Query.exec (C:\Users\CMT\Desktop\Workspace\backend\proyecto_final\node_modules\mongoose\lib\query.js:4884:21)
    at Query.then (C:\Users\CMT\Desktop\Workspace\backend\proyecto_final\node_modules\mongoose\lib\query.js:4983:15)
    at process.processTicksAndRejections (node:internal/process/task_queues:95:5) {
  messageFormat: undefined,
  stringValue: '"NaN"',
  kind: 'ObjectId',
  value: NaN,
  path: '_id',
  reason: BSONTypeError: Argument passed in must be a string of 12 bytes or a string of 24 hex characters or an integer
      at new BSONTypeError (C:\Users\CMT\Desktop\Workspace\backend\proyecto_final\node_modules\bson\lib\error.js:41:28)
      at new ObjectId (C:\Users\CMT\Desktop\Workspace\backend\proyecto_final\node_modules\bson\lib\objectid.js:67:23)
      at castObjectId (C:\Users\CMT\Desktop\Workspace\backend\proyecto_final\node_modules\mongoose\lib\cast\objectid.js:25:12)
      at ObjectId.cast (C:\Users\CMT\Desktop\Workspace\backend\proyecto_final\node_modules\mongoose\lib\schema\objectid.js:246:12)
      at SchemaType.applySetters (C:\Users\CMT\Desktop\Workspace\backend\proyecto_final\node_modules\mongoose\lib\schematype.js:1201:12)
      at SchemaType._castForQuery (C:\Users\CMT\Desktop\Workspace\backend\proyecto_final\node_modules\mongoose\lib\schematype.js:1648:15)
      at SchemaType.castForQuery (C:\Users\CMT\Desktop\Workspace\backend\proyecto_final\node_modules\mongoose\lib\schematype.js:1636:15)
      at SchemaType.castForQueryWrapper (C:\Users\CMT\Desktop\Workspace\backend\proyecto_final\node_modules\mongoose\lib\schematype.js:1612:20)
      at cast (C:\Users\CMT\Desktop\Workspace\backend\proyecto_final\node_modules\mongoose\lib\cast.js:347:32)
      at Query.cast (C:\Users\CMT\Desktop\Workspace\backend\proyecto_final\node_modules\mongoose\lib\query.js:5312:12),
  valueType: 'number'
}
[2023-01-03T12:49:05.590] [ERROR] prod - CastError: Cast to ObjectId failed for value "NaN" (type number) at path "_id" for model "Products"
    at model.Query.exec (C:\Users\CMT\Desktop\Workspace\backend\proyecto_final\node_modules\mongoose\lib\query.js:4884:21)
    at Query.then (C:\Users\CMT\Desktop\Workspace\backend\proyecto_final\node_modules\mongoose\lib\query.js:4983:15)
    at process.processTicksAndRejections (node:internal/process/task_queues:95:5) {
  messageFormat: undefined,
  stringValue: '"NaN"',
  kind: 'ObjectId',
  value: NaN,
  path: '_id',
  reason: BSONTypeError: Argument passed in must be a string of 12 bytes or a string of 24 hex characters or an integer
      at new BSONTypeError (C:\Users\CMT\Desktop\Workspace\backend\proyecto_final\node_modules\bson\lib\error.js:41:28)
      at new ObjectId (C:\Users\CMT\Desktop\Workspace\backend\proyecto_final\node_modules\bson\lib\objectid.js:67:23)
      at castObjectId (C:\Users\CMT\Desktop\Workspace\backend\proyecto_final\node_modules\mongoose\lib\cast\objectid.js:25:12)
      at ObjectId.cast (C:\Users\CMT\Desktop\Workspace\backend\proyecto_final\node_modules\mongoose\lib\schema\objectid.js:246:12)
      at SchemaType.applySetters (C:\Users\CMT\Desktop\Workspace\backend\proyecto_final\node_modules\mongoose\lib\schematype.js:1201:12)
      at SchemaType._castForQuery (C:\Users\CMT\Desktop\Workspace\backend\proyecto_final\node_modules\mongoose\lib\schematype.js:1648:15)
      at SchemaType.castForQuery (C:\Users\CMT\Desktop\Workspace\backend\proyecto_final\node_modules\mongoose\lib\schematype.js:1636:15)
      at SchemaType.castForQueryWrapper (C:\Users\CMT\Desktop\Workspace\backend\proyecto_final\node_modules\mongoose\lib\schematype.js:1612:20)
      at cast (C:\Users\CMT\Desktop\Workspace\backend\proyecto_final\node_modules\mongoose\lib\cast.js:347:32)
      at Query.cast (C:\Users\CMT\Desktop\Workspace\backend\proyecto_final\node_modules\mongoose\lib\query.js:5312:12),
  valueType: 'number'
}
[2023-01-03T12:51:49.563] [ERROR] prod - CastError: Cast to ObjectId failed for value "NaN" (type number) at path "_id" for model "Products"
    at model.Query.exec (C:\Users\CMT\Desktop\Workspace\backend\proyecto_final\node_modules\mongoose\lib\query.js:4884:21)
    at Query.then (C:\Users\CMT\Desktop\Workspace\backend\proyecto_final\node_modules\mongoose\lib\query.js:4983:15)
    at process.processTicksAndRejections (node:internal/process/task_queues:95:5) {
  messageFormat: undefined,
  stringValue: '"NaN"',
  kind: 'ObjectId',
  value: NaN,
  path: '_id',
  reason: BSONTypeError: Argument passed in must be a string of 12 bytes or a string of 24 hex characters or an integer
      at new BSONTypeError (C:\Users\CMT\Desktop\Workspace\backend\proyecto_final\node_modules\bson\lib\error.js:41:28)
      at new ObjectId (C:\Users\CMT\Desktop\Workspace\backend\proyecto_final\node_modules\bson\lib\objectid.js:67:23)
      at castObjectId (C:\Users\CMT\Desktop\Workspace\backend\proyecto_final\node_modules\mongoose\lib\cast\objectid.js:25:12)
      at ObjectId.cast (C:\Users\CMT\Desktop\Workspace\backend\proyecto_final\node_modules\mongoose\lib\schema\objectid.js:246:12)
      at SchemaType.applySetters (C:\Users\CMT\Desktop\Workspace\backend\proyecto_final\node_modules\mongoose\lib\schematype.js:1201:12)
      at SchemaType._castForQuery (C:\Users\CMT\Desktop\Workspace\backend\proyecto_final\node_modules\mongoose\lib\schematype.js:1648:15)
      at SchemaType.castForQuery (C:\Users\CMT\Desktop\Workspace\backend\proyecto_final\node_modules\mongoose\lib\schematype.js:1636:15)
      at SchemaType.castForQueryWrapper (C:\Users\CMT\Desktop\Workspace\backend\proyecto_final\node_modules\mongoose\lib\schematype.js:1612:20)
      at cast (C:\Users\CMT\Desktop\Workspace\backend\proyecto_final\node_modules\mongoose\lib\cast.js:347:32)
      at Query.cast (C:\Users\CMT\Desktop\Workspace\backend\proyecto_final\node_modules\mongoose\lib\query.js:5312:12),
  valueType: 'number'
}
[2023-01-03T12:54:07.358] [ERROR] prod - CastError: Cast to ObjectId failed for value "NaN" (type number) at path "_id" for model "Products"
    at model.Query.exec (C:\Users\CMT\Desktop\Workspace\backend\proyecto_final\node_modules\mongoose\lib\query.js:4884:21)
    at Query.then (C:\Users\CMT\Desktop\Workspace\backend\proyecto_final\node_modules\mongoose\lib\query.js:4983:15)
    at process.processTicksAndRejections (node:internal/process/task_queues:95:5) {
  messageFormat: undefined,
  stringValue: '"NaN"',
  kind: 'ObjectId',
  value: NaN,
  path: '_id',
  reason: BSONTypeError: Argument passed in must be a string of 12 bytes or a string of 24 hex characters or an integer
      at new BSONTypeError (C:\Users\CMT\Desktop\Workspace\backend\proyecto_final\node_modules\bson\lib\error.js:41:28)
      at new ObjectId (C:\Users\CMT\Desktop\Workspace\backend\proyecto_final\node_modules\bson\lib\objectid.js:67:23)
      at castObjectId (C:\Users\CMT\Desktop\Workspace\backend\proyecto_final\node_modules\mongoose\lib\cast\objectid.js:25:12)
      at ObjectId.cast (C:\Users\CMT\Desktop\Workspace\backend\proyecto_final\node_modules\mongoose\lib\schema\objectid.js:246:12)
      at SchemaType.applySetters (C:\Users\CMT\Desktop\Workspace\backend\proyecto_final\node_modules\mongoose\lib\schematype.js:1201:12)
      at SchemaType._castForQuery (C:\Users\CMT\Desktop\Workspace\backend\proyecto_final\node_modules\mongoose\lib\schematype.js:1648:15)
      at SchemaType.castForQuery (C:\Users\CMT\Desktop\Workspace\backend\proyecto_final\node_modules\mongoose\lib\schematype.js:1636:15)
      at SchemaType.castForQueryWrapper (C:\Users\CMT\Desktop\Workspace\backend\proyecto_final\node_modules\mongoose\lib\schematype.js:1612:20)
      at cast (C:\Users\CMT\Desktop\Workspace\backend\proyecto_final\node_modules\mongoose\lib\cast.js:347:32)
      at Query.cast (C:\Users\CMT\Desktop\Workspace\backend\proyecto_final\node_modules\mongoose\lib\query.js:5312:12),
  valueType: 'number'
}
[2023-01-03T12:55:22.572] [ERROR] prod - CastError: Cast to ObjectId failed for value "NaN" (type number) at path "_id" for model "Products"
    at model.Query.exec (C:\Users\CMT\Desktop\Workspace\backend\proyecto_final\node_modules\mongoose\lib\query.js:4884:21)
    at Query.then (C:\Users\CMT\Desktop\Workspace\backend\proyecto_final\node_modules\mongoose\lib\query.js:4983:15)
    at process.processTicksAndRejections (node:internal/process/task_queues:95:5) {
  messageFormat: undefined,
  stringValue: '"NaN"',
  kind: 'ObjectId',
  value: NaN,
  path: '_id',
  reason: BSONTypeError: Argument passed in must be a string of 12 bytes or a string of 24 hex characters or an integer
      at new BSONTypeError (C:\Users\CMT\Desktop\Workspace\backend\proyecto_final\node_modules\bson\lib\error.js:41:28)
      at new ObjectId (C:\Users\CMT\Desktop\Workspace\backend\proyecto_final\node_modules\bson\lib\objectid.js:67:23)
      at castObjectId (C:\Users\CMT\Desktop\Workspace\backend\proyecto_final\node_modules\mongoose\lib\cast\objectid.js:25:12)
      at ObjectId.cast (C:\Users\CMT\Desktop\Workspace\backend\proyecto_final\node_modules\mongoose\lib\schema\objectid.js:246:12)
      at SchemaType.applySetters (C:\Users\CMT\Desktop\Workspace\backend\proyecto_final\node_modules\mongoose\lib\schematype.js:1201:12)
      at SchemaType._castForQuery (C:\Users\CMT\Desktop\Workspace\backend\proyecto_final\node_modules\mongoose\lib\schematype.js:1648:15)
      at SchemaType.castForQuery (C:\Users\CMT\Desktop\Workspace\backend\proyecto_final\node_modules\mongoose\lib\schematype.js:1636:15)
      at SchemaType.castForQueryWrapper (C:\Users\CMT\Desktop\Workspace\backend\proyecto_final\node_modules\mongoose\lib\schematype.js:1612:20)
      at cast (C:\Users\CMT\Desktop\Workspace\backend\proyecto_final\node_modules\mongoose\lib\cast.js:347:32)
      at Query.cast (C:\Users\CMT\Desktop\Workspace\backend\proyecto_final\node_modules\mongoose\lib\query.js:5312:12),
  valueType: 'number'
}
[2023-01-03T12:56:06.651] [ERROR] prod - CastError: Cast to ObjectId failed for value "NaN" (type number) at path "_id" for model "Products"
    at model.Query.exec (C:\Users\CMT\Desktop\Workspace\backend\proyecto_final\node_modules\mongoose\lib\query.js:4884:21)
    at Query.then (C:\Users\CMT\Desktop\Workspace\backend\proyecto_final\node_modules\mongoose\lib\query.js:4983:15)
    at process.processTicksAndRejections (node:internal/process/task_queues:95:5) {
  messageFormat: undefined,
  stringValue: '"NaN"',
  kind: 'ObjectId',
  value: NaN,
  path: '_id',
  reason: BSONTypeError: Argument passed in must be a string of 12 bytes or a string of 24 hex characters or an integer
      at new BSONTypeError (C:\Users\CMT\Desktop\Workspace\backend\proyecto_final\node_modules\bson\lib\error.js:41:28)
      at new ObjectId (C:\Users\CMT\Desktop\Workspace\backend\proyecto_final\node_modules\bson\lib\objectid.js:67:23)
      at castObjectId (C:\Users\CMT\Desktop\Workspace\backend\proyecto_final\node_modules\mongoose\lib\cast\objectid.js:25:12)
      at ObjectId.cast (C:\Users\CMT\Desktop\Workspace\backend\proyecto_final\node_modules\mongoose\lib\schema\objectid.js:246:12)
      at SchemaType.applySetters (C:\Users\CMT\Desktop\Workspace\backend\proyecto_final\node_modules\mongoose\lib\schematype.js:1201:12)
      at SchemaType._castForQuery (C:\Users\CMT\Desktop\Workspace\backend\proyecto_final\node_modules\mongoose\lib\schematype.js:1648:15)
      at SchemaType.castForQuery (C:\Users\CMT\Desktop\Workspace\backend\proyecto_final\node_modules\mongoose\lib\schematype.js:1636:15)
      at SchemaType.castForQueryWrapper (C:\Users\CMT\Desktop\Workspace\backend\proyecto_final\node_modules\mongoose\lib\schematype.js:1612:20)
      at cast (C:\Users\CMT\Desktop\Workspace\backend\proyecto_final\node_modules\mongoose\lib\cast.js:347:32)
      at Query.cast (C:\Users\CMT\Desktop\Workspace\backend\proyecto_final\node_modules\mongoose\lib\query.js:5312:12),
  valueType: 'number'
}
[2023-01-03T12:59:22.079] [ERROR] prod - CastError: Cast to ObjectId failed for value "NaN" (type number) at path "_id" for model "Products"
    at model.Query.exec (C:\Users\CMT\Desktop\Workspace\backend\proyecto_final\node_modules\mongoose\lib\query.js:4884:21)
    at Query.then (C:\Users\CMT\Desktop\Workspace\backend\proyecto_final\node_modules\mongoose\lib\query.js:4983:15)
    at process.processTicksAndRejections (node:internal/process/task_queues:95:5) {
  messageFormat: undefined,
  stringValue: '"NaN"',
  kind: 'ObjectId',
  value: NaN,
  path: '_id',
  reason: BSONTypeError: Argument passed in must be a string of 12 bytes or a string of 24 hex characters or an integer
      at new BSONTypeError (C:\Users\CMT\Desktop\Workspace\backend\proyecto_final\node_modules\bson\lib\error.js:41:28)
      at new ObjectId (C:\Users\CMT\Desktop\Workspace\backend\proyecto_final\node_modules\bson\lib\objectid.js:67:23)
      at castObjectId (C:\Users\CMT\Desktop\Workspace\backend\proyecto_final\node_modules\mongoose\lib\cast\objectid.js:25:12)
      at ObjectId.cast (C:\Users\CMT\Desktop\Workspace\backend\proyecto_final\node_modules\mongoose\lib\schema\objectid.js:246:12)
      at SchemaType.applySetters (C:\Users\CMT\Desktop\Workspace\backend\proyecto_final\node_modules\mongoose\lib\schematype.js:1201:12)
      at SchemaType._castForQuery (C:\Users\CMT\Desktop\Workspace\backend\proyecto_final\node_modules\mongoose\lib\schematype.js:1648:15)
      at SchemaType.castForQuery (C:\Users\CMT\Desktop\Workspace\backend\proyecto_final\node_modules\mongoose\lib\schematype.js:1636:15)
      at SchemaType.castForQueryWrapper (C:\Users\CMT\Desktop\Workspace\backend\proyecto_final\node_modules\mongoose\lib\schematype.js:1612:20)
      at cast (C:\Users\CMT\Desktop\Workspace\backend\proyecto_final\node_modules\mongoose\lib\cast.js:347:32)
      at Query.cast (C:\Users\CMT\Desktop\Workspace\backend\proyecto_final\node_modules\mongoose\lib\query.js:5312:12),
  valueType: 'number'
}
[2023-01-03T13:01:11.444] [ERROR] prod - CastError: Cast to ObjectId failed for value "63" (type number) at path "_id" for model "Products"
    at model.Query.exec (C:\Users\CMT\Desktop\Workspace\backend\proyecto_final\node_modules\mongoose\lib\query.js:4884:21)
    at Query.then (C:\Users\CMT\Desktop\Workspace\backend\proyecto_final\node_modules\mongoose\lib\query.js:4983:15)
    at process.processTicksAndRejections (node:internal/process/task_queues:95:5) {
  messageFormat: undefined,
  stringValue: '"63"',
  kind: 'ObjectId',
  value: 63,
  path: '_id',
  reason: BSONTypeError: Argument passed in must be a string of 12 bytes or a string of 24 hex characters or an integer
      at new BSONTypeError (C:\Users\CMT\Desktop\Workspace\backend\proyecto_final\node_modules\bson\lib\error.js:41:28)
      at new ObjectId (C:\Users\CMT\Desktop\Workspace\backend\proyecto_final\node_modules\bson\lib\objectid.js:67:23)
      at castObjectId (C:\Users\CMT\Desktop\Workspace\backend\proyecto_final\node_modules\mongoose\lib\cast\objectid.js:25:12)
      at ObjectId.cast (C:\Users\CMT\Desktop\Workspace\backend\proyecto_final\node_modules\mongoose\lib\schema\objectid.js:246:12)
      at SchemaType.applySetters (C:\Users\CMT\Desktop\Workspace\backend\proyecto_final\node_modules\mongoose\lib\schematype.js:1201:12)
      at SchemaType._castForQuery (C:\Users\CMT\Desktop\Workspace\backend\proyecto_final\node_modules\mongoose\lib\schematype.js:1648:15)
      at SchemaType.castForQuery (C:\Users\CMT\Desktop\Workspace\backend\proyecto_final\node_modules\mongoose\lib\schematype.js:1636:15)
      at SchemaType.castForQueryWrapper (C:\Users\CMT\Desktop\Workspace\backend\proyecto_final\node_modules\mongoose\lib\schematype.js:1612:20)
      at cast (C:\Users\CMT\Desktop\Workspace\backend\proyecto_final\node_modules\mongoose\lib\cast.js:347:32)
      at Query.cast (C:\Users\CMT\Desktop\Workspace\backend\proyecto_final\node_modules\mongoose\lib\query.js:5312:12),
  valueType: 'number'
}
[2023-01-03T13:01:55.783] [ERROR] prod - CastError: Cast to ObjectId failed for value "63" (type number) at path "_id" for model "Products"
    at model.Query.exec (C:\Users\CMT\Desktop\Workspace\backend\proyecto_final\node_modules\mongoose\lib\query.js:4884:21)
    at Query.then (C:\Users\CMT\Desktop\Workspace\backend\proyecto_final\node_modules\mongoose\lib\query.js:4983:15)
    at process.processTicksAndRejections (node:internal/process/task_queues:95:5) {
  messageFormat: undefined,
  stringValue: '"63"',
  kind: 'ObjectId',
  value: 63,
  path: '_id',
  reason: BSONTypeError: Argument passed in must be a string of 12 bytes or a string of 24 hex characters or an integer
      at new BSONTypeError (C:\Users\CMT\Desktop\Workspace\backend\proyecto_final\node_modules\bson\lib\error.js:41:28)
      at new ObjectId (C:\Users\CMT\Desktop\Workspace\backend\proyecto_final\node_modules\bson\lib\objectid.js:67:23)
      at castObjectId (C:\Users\CMT\Desktop\Workspace\backend\proyecto_final\node_modules\mongoose\lib\cast\objectid.js:25:12)
      at ObjectId.cast (C:\Users\CMT\Desktop\Workspace\backend\proyecto_final\node_modules\mongoose\lib\schema\objectid.js:246:12)
      at SchemaType.applySetters (C:\Users\CMT\Desktop\Workspace\backend\proyecto_final\node_modules\mongoose\lib\schematype.js:1201:12)
      at SchemaType._castForQuery (C:\Users\CMT\Desktop\Workspace\backend\proyecto_final\node_modules\mongoose\lib\schematype.js:1648:15)
      at SchemaType.castForQuery (C:\Users\CMT\Desktop\Workspace\backend\proyecto_final\node_modules\mongoose\lib\schematype.js:1636:15)
      at SchemaType.castForQueryWrapper (C:\Users\CMT\Desktop\Workspace\backend\proyecto_final\node_modules\mongoose\lib\schematype.js:1612:20)
      at cast (C:\Users\CMT\Desktop\Workspace\backend\proyecto_final\node_modules\mongoose\lib\cast.js:347:32)
      at Query.cast (C:\Users\CMT\Desktop\Workspace\backend\proyecto_final\node_modules\mongoose\lib\query.js:5312:12),
  valueType: 'number'
}
[2023-01-03T13:09:19.282] [ERROR] prod - ReferenceError: mensajesFiltrados is not defined
    at ProductosDaoMongoDb.getProductByCategory (C:\Users\CMT\Desktop\Workspace\backend\proyecto_final\src\daos\productos\ProductosDaoMongoDb.js:13:25)
    at process.processTicksAndRejections (node:internal/process/task_queues:95:5)
    at async getProductByCategory (C:\Users\CMT\Desktop\Workspace\backend\proyecto_final\src\controllers\products.controller.js:29:26)
[2023-01-03T13:30:48.107] [ERROR] prod - CastError: Cast to ObjectId failed for value "63" (type number) at path "_id" for model "Products"
    at model.Query.exec (C:\Users\CMT\Desktop\Workspace\backend\proyecto_final\node_modules\mongoose\lib\query.js:4884:21)
    at Query.then (C:\Users\CMT\Desktop\Workspace\backend\proyecto_final\node_modules\mongoose\lib\query.js:4983:15)
    at process.processTicksAndRejections (node:internal/process/task_queues:95:5) {
  messageFormat: undefined,
  stringValue: '"63"',
  kind: 'ObjectId',
  value: 63,
  path: '_id',
  reason: BSONTypeError: Argument passed in must be a string of 12 bytes or a string of 24 hex characters or an integer
      at new BSONTypeError (C:\Users\CMT\Desktop\Workspace\backend\proyecto_final\node_modules\bson\lib\error.js:41:28)
      at new ObjectId (C:\Users\CMT\Desktop\Workspace\backend\proyecto_final\node_modules\bson\lib\objectid.js:67:23)
      at castObjectId (C:\Users\CMT\Desktop\Workspace\backend\proyecto_final\node_modules\mongoose\lib\cast\objectid.js:25:12)
      at ObjectId.cast (C:\Users\CMT\Desktop\Workspace\backend\proyecto_final\node_modules\mongoose\lib\schema\objectid.js:246:12)
      at SchemaType.applySetters (C:\Users\CMT\Desktop\Workspace\backend\proyecto_final\node_modules\mongoose\lib\schematype.js:1201:12)
      at SchemaType._castForQuery (C:\Users\CMT\Desktop\Workspace\backend\proyecto_final\node_modules\mongoose\lib\schematype.js:1648:15)
      at SchemaType.castForQuery (C:\Users\CMT\Desktop\Workspace\backend\proyecto_final\node_modules\mongoose\lib\schematype.js:1636:15)
      at SchemaType.castForQueryWrapper (C:\Users\CMT\Desktop\Workspace\backend\proyecto_final\node_modules\mongoose\lib\schematype.js:1612:20)
      at cast (C:\Users\CMT\Desktop\Workspace\backend\proyecto_final\node_modules\mongoose\lib\cast.js:347:32)
      at Query.cast (C:\Users\CMT\Desktop\Workspace\backend\proyecto_final\node_modules\mongoose\lib\query.js:5312:12),
  valueType: 'number'
}
