[2022-10-25T15:08:02.457] [WARN] prod - Se recibio una peticion GET a la ruta /api/randoms?cant=1000000000
[2022-10-25T15:08:02.653] [WARN] prod - Se recibio una peticion GET a la ruta /favicon.ico
[2022-10-25T15:08:25.675] [WARN] prod - Se recibio una peticion GET a la ruta /info
[2022-10-25T15:08:26.537] [WARN] prod - Se recibio una peticion GET a la ruta /favicon.ico
[2022-10-25T15:10:28.606] [WARN] prod - Se recibio una peticion GET a la ruta /info
[2022-10-25T15:10:28.773] [WARN] prod - Se recibio una peticion GET a la ruta /favicon.ico
[2022-10-25T15:10:43.242] [WARN] prod - Se recibio una peticion GET a la ruta /favicon.ico
[2022-10-25T15:10:52.000] [WARN] prod - Se recibio una peticion GET a la ruta /info
[2022-10-25T15:10:52.132] [WARN] prod - Se recibio una peticion GET a la ruta /favicon.ico
[2022-10-25T15:11:45.333] [WARN] prod - Se recibio una peticion GET a la ruta /api/randoms
[2022-10-25T15:11:45.468] [WARN] prod - Se recibio una peticion GET a la ruta /favicon.ico
[2022-10-25T15:12:04.576] [WARN] prod - Se recibio una peticion GET a la ruta /api/randoms
[2022-10-25T15:12:04.734] [WARN] prod - Se recibio una peticion GET a la ruta /favicon.ico
[2022-10-25T15:14:25.077] [WARN] prod - Se recibio una peticion GET a la ruta /api/randoms
[2022-10-25T15:14:25.205] [WARN] prod - Se recibio una peticion GET a la ruta /favicon.ico
[2022-10-25T15:14:30.118] [WARN] prod - Se recibio una peticion GET a la ruta /favicon.ico
[2022-10-25T15:14:35.835] [WARN] prod - Se recibio una peticion GET a la ruta /api/productos-test
[2022-10-25T15:15:06.659] [WARN] prod - Se recibio una peticion GET a la ruta /favicon.ico
[2022-10-25T15:22:16.331] [WARN] prod - Se recibio una peticion GET a la ruta /info
[2022-10-25T15:23:01.669] [WARN] prod - Se recibio una peticion GET a la ruta /favicon.ico
[2022-10-25T15:23:46.724] [WARN] prod - Se recibio una peticion GET a la ruta /info
[2022-10-25T15:23:47.714] [WARN] prod - Se recibio una peticion GET a la ruta /favicon.ico
[2022-10-25T15:24:13.381] [WARN] prod - Se recibio una peticion GET a la ruta /info
[2022-10-25T15:24:13.503] [WARN] prod - Se recibio una peticion GET a la ruta /favicon.ico
[2022-10-25T15:39:23.898] [WARN] prod - Se recibio una peticion GET a la ruta /api/productos-test
[2022-10-25T15:45:17.540] [WARN] prod - Se recibio una peticion GET a la ruta /infono
[2022-10-25T15:45:52.661] [ERROR] prod - Error al loguearse
[2022-11-06T14:59:21.651] [ERROR] prod - Error al loguearse
[2022-11-08T14:27:57.291] [ERROR] prod - Error al loguearse
[2022-11-29T12:10:11.611] [ERROR] prod - MongoServerError: E11000 duplicate key error collection: test.products index: id_1 dup key: { id: null }
    at C:\Users\ctorchia\Desktop\CoderHouse\Workspace\backend\desafio_17_testeo_funcionalidades\node_modules\mongodb\lib\operations\insert.js:53:33
    at C:\Users\ctorchia\Desktop\CoderHouse\Workspace\backend\desafio_17_testeo_funcionalidades\node_modules\mongodb\lib\cmap\connection_pool.js:299:25
    at C:\Users\ctorchia\Desktop\CoderHouse\Workspace\backend\desafio_17_testeo_funcionalidades\node_modules\mongodb\lib\sdam\server.js:212:17
    at handleOperationResult (C:\Users\ctorchia\Desktop\CoderHouse\Workspace\backend\desafio_17_testeo_funcionalidades\node_modules\mongodb\lib\sdam\server.js:284:20)
    at Connection.onMessage (C:\Users\ctorchia\Desktop\CoderHouse\Workspace\backend\desafio_17_testeo_funcionalidades\node_modules\mongodb\lib\cmap\connection.js:219:9)
    at MessageStream.<anonymous> (C:\Users\ctorchia\Desktop\CoderHouse\Workspace\backend\desafio_17_testeo_funcionalidades\node_modules\mongodb\lib\cmap\connection.js:60:60)
    at MessageStream.emit (node:events:527:28)
    at processIncomingData (C:\Users\ctorchia\Desktop\CoderHouse\Workspace\backend\desafio_17_testeo_funcionalidades\node_modules\mongodb\lib\cmap\message_stream.js:132:20)
    at MessageStream._write (C:\Users\ctorchia\Desktop\CoderHouse\Workspace\backend\desafio_17_testeo_funcionalidades\node_modules\mongodb\lib\cmap\message_stream.js:33:9)
    at writeOrBuffer (node:internal/streams/writable:389:12) {
  index: 0,
  code: 11000,
  keyPattern: { id: 1 },
  keyValue: { id: null },
  [Symbol(errorLabels)]: Set(0) {}
}
[2022-11-29T12:11:29.713] [ERROR] prod - MongoServerError: E11000 duplicate key error collection: test.products index: id_1 dup key: { id: null }
    at C:\Users\ctorchia\Desktop\CoderHouse\Workspace\backend\desafio_17_testeo_funcionalidades\node_modules\mongodb\lib\operations\insert.js:53:33
    at C:\Users\ctorchia\Desktop\CoderHouse\Workspace\backend\desafio_17_testeo_funcionalidades\node_modules\mongodb\lib\cmap\connection_pool.js:299:25
    at C:\Users\ctorchia\Desktop\CoderHouse\Workspace\backend\desafio_17_testeo_funcionalidades\node_modules\mongodb\lib\sdam\server.js:212:17
    at handleOperationResult (C:\Users\ctorchia\Desktop\CoderHouse\Workspace\backend\desafio_17_testeo_funcionalidades\node_modules\mongodb\lib\sdam\server.js:284:20)
    at Connection.onMessage (C:\Users\ctorchia\Desktop\CoderHouse\Workspace\backend\desafio_17_testeo_funcionalidades\node_modules\mongodb\lib\cmap\connection.js:219:9)
    at MessageStream.<anonymous> (C:\Users\ctorchia\Desktop\CoderHouse\Workspace\backend\desafio_17_testeo_funcionalidades\node_modules\mongodb\lib\cmap\connection.js:60:60)
    at MessageStream.emit (node:events:527:28)
    at processIncomingData (C:\Users\ctorchia\Desktop\CoderHouse\Workspace\backend\desafio_17_testeo_funcionalidades\node_modules\mongodb\lib\cmap\message_stream.js:132:20)
    at MessageStream._write (C:\Users\ctorchia\Desktop\CoderHouse\Workspace\backend\desafio_17_testeo_funcionalidades\node_modules\mongodb\lib\cmap\message_stream.js:33:9)
    at writeOrBuffer (node:internal/streams/writable:389:12) {
  index: 0,
  code: 11000,
  keyPattern: { id: 1 },
  keyValue: { id: null },
  [Symbol(errorLabels)]: Set(0) {}
}
[2022-11-29T12:12:52.272] [ERROR] prod - MongoServerError: E11000 duplicate key error collection: test.products index: id_1 dup key: { id: null }
    at C:\Users\ctorchia\Desktop\CoderHouse\Workspace\backend\desafio_17_testeo_funcionalidades\node_modules\mongodb\lib\operations\insert.js:53:33
    at C:\Users\ctorchia\Desktop\CoderHouse\Workspace\backend\desafio_17_testeo_funcionalidades\node_modules\mongodb\lib\cmap\connection_pool.js:299:25
    at C:\Users\ctorchia\Desktop\CoderHouse\Workspace\backend\desafio_17_testeo_funcionalidades\node_modules\mongodb\lib\sdam\server.js:212:17
    at handleOperationResult (C:\Users\ctorchia\Desktop\CoderHouse\Workspace\backend\desafio_17_testeo_funcionalidades\node_modules\mongodb\lib\sdam\server.js:284:20)
    at Connection.onMessage (C:\Users\ctorchia\Desktop\CoderHouse\Workspace\backend\desafio_17_testeo_funcionalidades\node_modules\mongodb\lib\cmap\connection.js:219:9)
    at MessageStream.<anonymous> (C:\Users\ctorchia\Desktop\CoderHouse\Workspace\backend\desafio_17_testeo_funcionalidades\node_modules\mongodb\lib\cmap\connection.js:60:60)
    at MessageStream.emit (node:events:527:28)
    at processIncomingData (C:\Users\ctorchia\Desktop\CoderHouse\Workspace\backend\desafio_17_testeo_funcionalidades\node_modules\mongodb\lib\cmap\message_stream.js:132:20)
    at MessageStream._write (C:\Users\ctorchia\Desktop\CoderHouse\Workspace\backend\desafio_17_testeo_funcionalidades\node_modules\mongodb\lib\cmap\message_stream.js:33:9)
    at writeOrBuffer (node:internal/streams/writable:389:12) {
  index: 0,
  code: 11000,
  keyPattern: { id: 1 },
  keyValue: { id: null },
  [Symbol(errorLabels)]: Set(0) {}
}
[2022-11-29T12:13:27.310] [ERROR] prod - MongoServerError: E11000 duplicate key error collection: test.products index: id_1 dup key: { id: null }
    at C:\Users\ctorchia\Desktop\CoderHouse\Workspace\backend\desafio_17_testeo_funcionalidades\node_modules\mongodb\lib\operations\insert.js:53:33
    at C:\Users\ctorchia\Desktop\CoderHouse\Workspace\backend\desafio_17_testeo_funcionalidades\node_modules\mongodb\lib\cmap\connection_pool.js:299:25
    at C:\Users\ctorchia\Desktop\CoderHouse\Workspace\backend\desafio_17_testeo_funcionalidades\node_modules\mongodb\lib\sdam\server.js:212:17
    at handleOperationResult (C:\Users\ctorchia\Desktop\CoderHouse\Workspace\backend\desafio_17_testeo_funcionalidades\node_modules\mongodb\lib\sdam\server.js:284:20)
    at Connection.onMessage (C:\Users\ctorchia\Desktop\CoderHouse\Workspace\backend\desafio_17_testeo_funcionalidades\node_modules\mongodb\lib\cmap\connection.js:219:9)
    at MessageStream.<anonymous> (C:\Users\ctorchia\Desktop\CoderHouse\Workspace\backend\desafio_17_testeo_funcionalidades\node_modules\mongodb\lib\cmap\connection.js:60:60)
    at MessageStream.emit (node:events:527:28)
    at processIncomingData (C:\Users\ctorchia\Desktop\CoderHouse\Workspace\backend\desafio_17_testeo_funcionalidades\node_modules\mongodb\lib\cmap\message_stream.js:132:20)
    at MessageStream._write (C:\Users\ctorchia\Desktop\CoderHouse\Workspace\backend\desafio_17_testeo_funcionalidades\node_modules\mongodb\lib\cmap\message_stream.js:33:9)
    at writeOrBuffer (node:internal/streams/writable:389:12) {
  index: 0,
  code: 11000,
  keyPattern: { id: 1 },
  keyValue: { id: null },
  [Symbol(errorLabels)]: Set(0) {}
}
[2022-11-29T12:51:57.476] [ERROR] prod - MongoServerError: E11000 duplicate key error collection: test.products index: id_1 dup key: { id: null }
    at C:\Users\ctorchia\Desktop\CoderHouse\Workspace\backend\desafio_17_testeo_funcionalidades\node_modules\mongodb\lib\operations\insert.js:53:33
    at C:\Users\ctorchia\Desktop\CoderHouse\Workspace\backend\desafio_17_testeo_funcionalidades\node_modules\mongodb\lib\cmap\connection_pool.js:299:25
    at C:\Users\ctorchia\Desktop\CoderHouse\Workspace\backend\desafio_17_testeo_funcionalidades\node_modules\mongodb\lib\sdam\server.js:212:17
    at handleOperationResult (C:\Users\ctorchia\Desktop\CoderHouse\Workspace\backend\desafio_17_testeo_funcionalidades\node_modules\mongodb\lib\sdam\server.js:284:20)
    at Connection.onMessage (C:\Users\ctorchia\Desktop\CoderHouse\Workspace\backend\desafio_17_testeo_funcionalidades\node_modules\mongodb\lib\cmap\connection.js:219:9)
    at MessageStream.<anonymous> (C:\Users\ctorchia\Desktop\CoderHouse\Workspace\backend\desafio_17_testeo_funcionalidades\node_modules\mongodb\lib\cmap\connection.js:60:60)
    at MessageStream.emit (node:events:527:28)
    at processIncomingData (C:\Users\ctorchia\Desktop\CoderHouse\Workspace\backend\desafio_17_testeo_funcionalidades\node_modules\mongodb\lib\cmap\message_stream.js:132:20)
    at MessageStream._write (C:\Users\ctorchia\Desktop\CoderHouse\Workspace\backend\desafio_17_testeo_funcionalidades\node_modules\mongodb\lib\cmap\message_stream.js:33:9)
    at writeOrBuffer (node:internal/streams/writable:389:12) {
  index: 0,
  code: 11000,
  keyPattern: { id: 1 },
  keyValue: { id: null },
  [Symbol(errorLabels)]: Set(0) {}
}
[2022-11-29T13:58:42.449] [ERROR] prod - MongoServerError: E11000 duplicate key error collection: test.products index: id_1 dup key: { id: null }
    at C:\Users\ctorchia\Desktop\CoderHouse\Workspace\backend\desafio_17_testeo_funcionalidades\node_modules\mongodb\lib\operations\insert.js:53:33
    at C:\Users\ctorchia\Desktop\CoderHouse\Workspace\backend\desafio_17_testeo_funcionalidades\node_modules\mongodb\lib\cmap\connection_pool.js:299:25
    at C:\Users\ctorchia\Desktop\CoderHouse\Workspace\backend\desafio_17_testeo_funcionalidades\node_modules\mongodb\lib\sdam\server.js:212:17
    at handleOperationResult (C:\Users\ctorchia\Desktop\CoderHouse\Workspace\backend\desafio_17_testeo_funcionalidades\node_modules\mongodb\lib\sdam\server.js:284:20)
    at Connection.onMessage (C:\Users\ctorchia\Desktop\CoderHouse\Workspace\backend\desafio_17_testeo_funcionalidades\node_modules\mongodb\lib\cmap\connection.js:219:9)
    at MessageStream.<anonymous> (C:\Users\ctorchia\Desktop\CoderHouse\Workspace\backend\desafio_17_testeo_funcionalidades\node_modules\mongodb\lib\cmap\connection.js:60:60)
    at MessageStream.emit (node:events:527:28)
    at processIncomingData (C:\Users\ctorchia\Desktop\CoderHouse\Workspace\backend\desafio_17_testeo_funcionalidades\node_modules\mongodb\lib\cmap\message_stream.js:132:20)
    at MessageStream._write (C:\Users\ctorchia\Desktop\CoderHouse\Workspace\backend\desafio_17_testeo_funcionalidades\node_modules\mongodb\lib\cmap\message_stream.js:33:9)
    at writeOrBuffer (node:internal/streams/writable:389:12) {
  index: 0,
  code: 11000,
  keyPattern: { id: 1 },
  keyValue: { id: null },
  [Symbol(errorLabels)]: Set(0) {}
}
[2022-11-29T14:00:16.896] [ERROR] prod - MongoServerError: E11000 duplicate key error collection: test.products index: id_1 dup key: { id: null }
    at C:\Users\ctorchia\Desktop\CoderHouse\Workspace\backend\desafio_17_testeo_funcionalidades\node_modules\mongodb\lib\operations\insert.js:53:33
    at C:\Users\ctorchia\Desktop\CoderHouse\Workspace\backend\desafio_17_testeo_funcionalidades\node_modules\mongodb\lib\cmap\connection_pool.js:299:25
    at C:\Users\ctorchia\Desktop\CoderHouse\Workspace\backend\desafio_17_testeo_funcionalidades\node_modules\mongodb\lib\sdam\server.js:212:17
    at handleOperationResult (C:\Users\ctorchia\Desktop\CoderHouse\Workspace\backend\desafio_17_testeo_funcionalidades\node_modules\mongodb\lib\sdam\server.js:284:20)
    at Connection.onMessage (C:\Users\ctorchia\Desktop\CoderHouse\Workspace\backend\desafio_17_testeo_funcionalidades\node_modules\mongodb\lib\cmap\connection.js:219:9)
    at MessageStream.<anonymous> (C:\Users\ctorchia\Desktop\CoderHouse\Workspace\backend\desafio_17_testeo_funcionalidades\node_modules\mongodb\lib\cmap\connection.js:60:60)
    at MessageStream.emit (node:events:527:28)
    at processIncomingData (C:\Users\ctorchia\Desktop\CoderHouse\Workspace\backend\desafio_17_testeo_funcionalidades\node_modules\mongodb\lib\cmap\message_stream.js:132:20)
    at MessageStream._write (C:\Users\ctorchia\Desktop\CoderHouse\Workspace\backend\desafio_17_testeo_funcionalidades\node_modules\mongodb\lib\cmap\message_stream.js:33:9)
    at writeOrBuffer (node:internal/streams/writable:389:12) {
  index: 0,
  code: 11000,
  keyPattern: { id: 1 },
  keyValue: { id: null },
  [Symbol(errorLabels)]: Set(0) {}
}
[2022-11-29T14:05:29.980] [ERROR] prod - MongoServerError: E11000 duplicate key error collection: test.products index: id_1 dup key: { id: null }
    at C:\Users\ctorchia\Desktop\CoderHouse\Workspace\backend\desafio_17_testeo_funcionalidades\node_modules\mongodb\lib\operations\insert.js:53:33
    at C:\Users\ctorchia\Desktop\CoderHouse\Workspace\backend\desafio_17_testeo_funcionalidades\node_modules\mongodb\lib\cmap\connection_pool.js:299:25
    at C:\Users\ctorchia\Desktop\CoderHouse\Workspace\backend\desafio_17_testeo_funcionalidades\node_modules\mongodb\lib\sdam\server.js:212:17
    at handleOperationResult (C:\Users\ctorchia\Desktop\CoderHouse\Workspace\backend\desafio_17_testeo_funcionalidades\node_modules\mongodb\lib\sdam\server.js:284:20)
    at Connection.onMessage (C:\Users\ctorchia\Desktop\CoderHouse\Workspace\backend\desafio_17_testeo_funcionalidades\node_modules\mongodb\lib\cmap\connection.js:219:9)
    at MessageStream.<anonymous> (C:\Users\ctorchia\Desktop\CoderHouse\Workspace\backend\desafio_17_testeo_funcionalidades\node_modules\mongodb\lib\cmap\connection.js:60:60)
    at MessageStream.emit (node:events:527:28)
    at processIncomingData (C:\Users\ctorchia\Desktop\CoderHouse\Workspace\backend\desafio_17_testeo_funcionalidades\node_modules\mongodb\lib\cmap\message_stream.js:132:20)
    at MessageStream._write (C:\Users\ctorchia\Desktop\CoderHouse\Workspace\backend\desafio_17_testeo_funcionalidades\node_modules\mongodb\lib\cmap\message_stream.js:33:9)
    at writeOrBuffer (node:internal/streams/writable:389:12) {
  index: 0,
  code: 11000,
  keyPattern: { id: 1 },
  keyValue: { id: null },
  [Symbol(errorLabels)]: Set(0) {}
}
[2022-11-29T14:10:00.209] [ERROR] prod - MongoServerError: E11000 duplicate key error collection: test.products index: id_1 dup key: { id: null }
    at C:\Users\ctorchia\Desktop\CoderHouse\Workspace\backend\desafio_17_testeo_funcionalidades\node_modules\mongodb\lib\operations\insert.js:53:33
    at C:\Users\ctorchia\Desktop\CoderHouse\Workspace\backend\desafio_17_testeo_funcionalidades\node_modules\mongodb\lib\cmap\connection_pool.js:299:25
    at C:\Users\ctorchia\Desktop\CoderHouse\Workspace\backend\desafio_17_testeo_funcionalidades\node_modules\mongodb\lib\sdam\server.js:212:17
    at handleOperationResult (C:\Users\ctorchia\Desktop\CoderHouse\Workspace\backend\desafio_17_testeo_funcionalidades\node_modules\mongodb\lib\sdam\server.js:284:20)
    at Connection.onMessage (C:\Users\ctorchia\Desktop\CoderHouse\Workspace\backend\desafio_17_testeo_funcionalidades\node_modules\mongodb\lib\cmap\connection.js:219:9)
    at MessageStream.<anonymous> (C:\Users\ctorchia\Desktop\CoderHouse\Workspace\backend\desafio_17_testeo_funcionalidades\node_modules\mongodb\lib\cmap\connection.js:60:60)
    at MessageStream.emit (node:events:527:28)
    at processIncomingData (C:\Users\ctorchia\Desktop\CoderHouse\Workspace\backend\desafio_17_testeo_funcionalidades\node_modules\mongodb\lib\cmap\message_stream.js:132:20)
    at MessageStream._write (C:\Users\ctorchia\Desktop\CoderHouse\Workspace\backend\desafio_17_testeo_funcionalidades\node_modules\mongodb\lib\cmap\message_stream.js:33:9)
    at writeOrBuffer (node:internal/streams/writable:389:12) {
  index: 0,
  code: 11000,
  keyPattern: { id: 1 },
  keyValue: { id: null },
  [Symbol(errorLabels)]: Set(0) {}
}
[2022-11-29T14:39:22.274] [ERROR] prod - MongoServerError: E11000 duplicate key error collection: test.products index: id_1 dup key: { id: 4 }
    at C:\Users\ctorchia\Desktop\CoderHouse\Workspace\backend\desafio_17_testeo_funcionalidades\node_modules\mongodb\lib\operations\insert.js:53:33
    at C:\Users\ctorchia\Desktop\CoderHouse\Workspace\backend\desafio_17_testeo_funcionalidades\node_modules\mongodb\lib\cmap\connection_pool.js:299:25
    at C:\Users\ctorchia\Desktop\CoderHouse\Workspace\backend\desafio_17_testeo_funcionalidades\node_modules\mongodb\lib\sdam\server.js:212:17
    at handleOperationResult (C:\Users\ctorchia\Desktop\CoderHouse\Workspace\backend\desafio_17_testeo_funcionalidades\node_modules\mongodb\lib\sdam\server.js:284:20)
    at Connection.onMessage (C:\Users\ctorchia\Desktop\CoderHouse\Workspace\backend\desafio_17_testeo_funcionalidades\node_modules\mongodb\lib\cmap\connection.js:219:9)
    at MessageStream.<anonymous> (C:\Users\ctorchia\Desktop\CoderHouse\Workspace\backend\desafio_17_testeo_funcionalidades\node_modules\mongodb\lib\cmap\connection.js:60:60)
    at MessageStream.emit (node:events:527:28)
    at processIncomingData (C:\Users\ctorchia\Desktop\CoderHouse\Workspace\backend\desafio_17_testeo_funcionalidades\node_modules\mongodb\lib\cmap\message_stream.js:132:20)
    at MessageStream._write (C:\Users\ctorchia\Desktop\CoderHouse\Workspace\backend\desafio_17_testeo_funcionalidades\node_modules\mongodb\lib\cmap\message_stream.js:33:9)
    at writeOrBuffer (node:internal/streams/writable:389:12) {
  index: 0,
  code: 11000,
  keyPattern: { id: 1 },
  keyValue: { id: 4 },
  [Symbol(errorLabels)]: Set(0) {}
}
[2022-11-29T14:44:58.201] [ERROR] prod - MongoServerError: E11000 duplicate key error collection: test.products index: id_1 dup key: { id: 4 }
    at C:\Users\ctorchia\Desktop\CoderHouse\Workspace\backend\desafio_17_testeo_funcionalidades\node_modules\mongodb\lib\operations\insert.js:53:33
    at C:\Users\ctorchia\Desktop\CoderHouse\Workspace\backend\desafio_17_testeo_funcionalidades\node_modules\mongodb\lib\cmap\connection_pool.js:299:25
    at C:\Users\ctorchia\Desktop\CoderHouse\Workspace\backend\desafio_17_testeo_funcionalidades\node_modules\mongodb\lib\sdam\server.js:212:17
    at handleOperationResult (C:\Users\ctorchia\Desktop\CoderHouse\Workspace\backend\desafio_17_testeo_funcionalidades\node_modules\mongodb\lib\sdam\server.js:284:20)
    at Connection.onMessage (C:\Users\ctorchia\Desktop\CoderHouse\Workspace\backend\desafio_17_testeo_funcionalidades\node_modules\mongodb\lib\cmap\connection.js:219:9)
    at MessageStream.<anonymous> (C:\Users\ctorchia\Desktop\CoderHouse\Workspace\backend\desafio_17_testeo_funcionalidades\node_modules\mongodb\lib\cmap\connection.js:60:60)
    at MessageStream.emit (node:events:527:28)
    at processIncomingData (C:\Users\ctorchia\Desktop\CoderHouse\Workspace\backend\desafio_17_testeo_funcionalidades\node_modules\mongodb\lib\cmap\message_stream.js:132:20)
    at MessageStream._write (C:\Users\ctorchia\Desktop\CoderHouse\Workspace\backend\desafio_17_testeo_funcionalidades\node_modules\mongodb\lib\cmap\message_stream.js:33:9)
    at writeOrBuffer (node:internal/streams/writable:389:12) {
  index: 0,
  code: 11000,
  keyPattern: { id: 1 },
  keyValue: { id: 4 },
  [Symbol(errorLabels)]: Set(0) {}
}
[2022-11-30T08:58:01.665] [ERROR] prod - MongoServerError: E11000 duplicate key error collection: test.products index: id_1 dup key: { id: 4 }
    at C:\Users\ctorchia\Desktop\CoderHouse\Workspace\backend\desafio_17_testeo_funcionalidades\node_modules\mongodb\lib\operations\insert.js:53:33
    at C:\Users\ctorchia\Desktop\CoderHouse\Workspace\backend\desafio_17_testeo_funcionalidades\node_modules\mongodb\lib\cmap\connection_pool.js:299:25
    at C:\Users\ctorchia\Desktop\CoderHouse\Workspace\backend\desafio_17_testeo_funcionalidades\node_modules\mongodb\lib\sdam\server.js:212:17
    at handleOperationResult (C:\Users\ctorchia\Desktop\CoderHouse\Workspace\backend\desafio_17_testeo_funcionalidades\node_modules\mongodb\lib\sdam\server.js:284:20)
    at Connection.onMessage (C:\Users\ctorchia\Desktop\CoderHouse\Workspace\backend\desafio_17_testeo_funcionalidades\node_modules\mongodb\lib\cmap\connection.js:219:9)
    at MessageStream.<anonymous> (C:\Users\ctorchia\Desktop\CoderHouse\Workspace\backend\desafio_17_testeo_funcionalidades\node_modules\mongodb\lib\cmap\connection.js:60:60)
    at MessageStream.emit (node:events:527:28)
    at processIncomingData (C:\Users\ctorchia\Desktop\CoderHouse\Workspace\backend\desafio_17_testeo_funcionalidades\node_modules\mongodb\lib\cmap\message_stream.js:132:20)
    at MessageStream._write (C:\Users\ctorchia\Desktop\CoderHouse\Workspace\backend\desafio_17_testeo_funcionalidades\node_modules\mongodb\lib\cmap\message_stream.js:33:9)
    at writeOrBuffer (node:internal/streams/writable:389:12) {
  index: 0,
  code: 11000,
  keyPattern: { id: 1 },
  keyValue: { id: 4 },
  [Symbol(errorLabels)]: Set(0) {}
}
[2022-11-30T09:06:19.384] [ERROR] prod - MongoServerError: E11000 duplicate key error collection: test.products index: id_1 dup key: { id: 4 }
    at C:\Users\ctorchia\Desktop\CoderHouse\Workspace\backend\desafio_17_testeo_funcionalidades\node_modules\mongodb\lib\operations\insert.js:53:33
    at C:\Users\ctorchia\Desktop\CoderHouse\Workspace\backend\desafio_17_testeo_funcionalidades\node_modules\mongodb\lib\cmap\connection_pool.js:299:25
    at C:\Users\ctorchia\Desktop\CoderHouse\Workspace\backend\desafio_17_testeo_funcionalidades\node_modules\mongodb\lib\sdam\server.js:212:17
    at handleOperationResult (C:\Users\ctorchia\Desktop\CoderHouse\Workspace\backend\desafio_17_testeo_funcionalidades\node_modules\mongodb\lib\sdam\server.js:284:20)
    at Connection.onMessage (C:\Users\ctorchia\Desktop\CoderHouse\Workspace\backend\desafio_17_testeo_funcionalidades\node_modules\mongodb\lib\cmap\connection.js:219:9)
    at MessageStream.<anonymous> (C:\Users\ctorchia\Desktop\CoderHouse\Workspace\backend\desafio_17_testeo_funcionalidades\node_modules\mongodb\lib\cmap\connection.js:60:60)
    at MessageStream.emit (node:events:527:28)
    at processIncomingData (C:\Users\ctorchia\Desktop\CoderHouse\Workspace\backend\desafio_17_testeo_funcionalidades\node_modules\mongodb\lib\cmap\message_stream.js:132:20)
    at MessageStream._write (C:\Users\ctorchia\Desktop\CoderHouse\Workspace\backend\desafio_17_testeo_funcionalidades\node_modules\mongodb\lib\cmap\message_stream.js:33:9)
    at writeOrBuffer (node:internal/streams/writable:389:12) {
  index: 0,
  code: 11000,
  keyPattern: { id: 1 },
  keyValue: { id: 4 },
  [Symbol(errorLabels)]: Set(0) {}
}
[2022-11-30T09:16:08.870] [ERROR] prod - MongoServerError: E11000 duplicate key error collection: test.products index: id_1 dup key: { id: 4 }
    at C:\Users\ctorchia\Desktop\CoderHouse\Workspace\backend\desafio_17_testeo_funcionalidades\node_modules\mongodb\lib\operations\insert.js:53:33
    at C:\Users\ctorchia\Desktop\CoderHouse\Workspace\backend\desafio_17_testeo_funcionalidades\node_modules\mongodb\lib\cmap\connection_pool.js:299:25
    at C:\Users\ctorchia\Desktop\CoderHouse\Workspace\backend\desafio_17_testeo_funcionalidades\node_modules\mongodb\lib\sdam\server.js:212:17
    at handleOperationResult (C:\Users\ctorchia\Desktop\CoderHouse\Workspace\backend\desafio_17_testeo_funcionalidades\node_modules\mongodb\lib\sdam\server.js:284:20)
    at Connection.onMessage (C:\Users\ctorchia\Desktop\CoderHouse\Workspace\backend\desafio_17_testeo_funcionalidades\node_modules\mongodb\lib\cmap\connection.js:219:9)
    at MessageStream.<anonymous> (C:\Users\ctorchia\Desktop\CoderHouse\Workspace\backend\desafio_17_testeo_funcionalidades\node_modules\mongodb\lib\cmap\connection.js:60:60)
    at MessageStream.emit (node:events:527:28)
    at processIncomingData (C:\Users\ctorchia\Desktop\CoderHouse\Workspace\backend\desafio_17_testeo_funcionalidades\node_modules\mongodb\lib\cmap\message_stream.js:132:20)
    at MessageStream._write (C:\Users\ctorchia\Desktop\CoderHouse\Workspace\backend\desafio_17_testeo_funcionalidades\node_modules\mongodb\lib\cmap\message_stream.js:33:9)
    at writeOrBuffer (node:internal/streams/writable:389:12) {
  index: 0,
  code: 11000,
  keyPattern: { id: 1 },
  keyValue: { id: 4 },
  [Symbol(errorLabels)]: Set(0) {}
}
[2022-11-30T09:23:58.270] [ERROR] prod - MongoServerError: E11000 duplicate key error collection: test.products index: id_1 dup key: { id: 4 }
    at C:\Users\ctorchia\Desktop\CoderHouse\Workspace\backend\desafio_17_testeo_funcionalidades\node_modules\mongodb\lib\operations\insert.js:53:33
    at C:\Users\ctorchia\Desktop\CoderHouse\Workspace\backend\desafio_17_testeo_funcionalidades\node_modules\mongodb\lib\cmap\connection_pool.js:299:25
    at C:\Users\ctorchia\Desktop\CoderHouse\Workspace\backend\desafio_17_testeo_funcionalidades\node_modules\mongodb\lib\sdam\server.js:212:17
    at handleOperationResult (C:\Users\ctorchia\Desktop\CoderHouse\Workspace\backend\desafio_17_testeo_funcionalidades\node_modules\mongodb\lib\sdam\server.js:284:20)
    at Connection.onMessage (C:\Users\ctorchia\Desktop\CoderHouse\Workspace\backend\desafio_17_testeo_funcionalidades\node_modules\mongodb\lib\cmap\connection.js:219:9)
    at MessageStream.<anonymous> (C:\Users\ctorchia\Desktop\CoderHouse\Workspace\backend\desafio_17_testeo_funcionalidades\node_modules\mongodb\lib\cmap\connection.js:60:60)
    at MessageStream.emit (node:events:527:28)
    at processIncomingData (C:\Users\ctorchia\Desktop\CoderHouse\Workspace\backend\desafio_17_testeo_funcionalidades\node_modules\mongodb\lib\cmap\message_stream.js:132:20)
    at MessageStream._write (C:\Users\ctorchia\Desktop\CoderHouse\Workspace\backend\desafio_17_testeo_funcionalidades\node_modules\mongodb\lib\cmap\message_stream.js:33:9)
    at writeOrBuffer (node:internal/streams/writable:389:12) {
  index: 0,
  code: 11000,
  keyPattern: { id: 1 },
  keyValue: { id: 4 },
  [Symbol(errorLabels)]: Set(0) {}
}
[2022-12-17T23:32:05.466] [ERROR] prod - CastError: Cast to Number failed for value "639b5af9e3cfb80a54a9e7fe" (type string) at path "id" for model "Products"
    at model.Query.exec (C:\Users\CMT\Desktop\Workspace\backend\desafio_19_framework_koa\node_modules\mongoose\lib\query.js:4884:21)
    at Query.then (C:\Users\CMT\Desktop\Workspace\backend\desafio_19_framework_koa\node_modules\mongoose\lib\query.js:4983:15)
    at process.processTicksAndRejections (node:internal/process/task_queues:95:5) {
  messageFormat: undefined,
  stringValue: '"639b5af9e3cfb80a54a9e7fe"',
  kind: 'Number',
  value: '639b5af9e3cfb80a54a9e7fe',
  path: 'id',
  reason: AssertionError [ERR_ASSERTION]: The expression evaluated to a falsy value:
  
    assert.ok(!isNaN(val))
  
      at castNumber (C:\Users\CMT\Desktop\Workspace\backend\desafio_19_framework_koa\node_modules\mongoose\lib\cast\number.js:27:10)
      at SchemaNumber.cast (C:\Users\CMT\Desktop\Workspace\backend\desafio_19_framework_koa\node_modules\mongoose\lib\schema\number.js:376:12)
      at SchemaType.applySetters (C:\Users\CMT\Desktop\Workspace\backend\desafio_19_framework_koa\node_modules\mongoose\lib\schematype.js:1201:12)
      at SchemaType._castForQuery (C:\Users\CMT\Desktop\Workspace\backend\desafio_19_framework_koa\node_modules\mongoose\lib\schematype.js:1648:15)
      at SchemaNumber.castForQuery (C:\Users\CMT\Desktop\Workspace\backend\desafio_19_framework_koa\node_modules\mongoose\lib\schema\number.js:430:14)
      at SchemaType.castForQueryWrapper (C:\Users\CMT\Desktop\Workspace\backend\desafio_19_framework_koa\node_modules\mongoose\lib\schematype.js:1612:20)
      at cast (C:\Users\CMT\Desktop\Workspace\backend\desafio_19_framework_koa\node_modules\mongoose\lib\cast.js:347:32)
      at Query.cast (C:\Users\CMT\Desktop\Workspace\backend\desafio_19_framework_koa\node_modules\mongoose\lib\query.js:5312:12)
      at Query._castConditions (C:\Users\CMT\Desktop\Workspace\backend\desafio_19_framework_koa\node_modules\mongoose\lib\query.js:2198:10)
      at model.Query.<anonymous> (C:\Users\CMT\Desktop\Workspace\backend\desafio_19_framework_koa\node_modules\mongoose\lib\query.js:2225:8) {
    generatedMessage: true,
    code: 'ERR_ASSERTION',
    actual: false,
    expected: true,
    operator: '=='
  },
  valueType: 'string'
}
[2022-12-17T23:32:10.686] [ERROR] prod - CastError: Cast to Number failed for value "639b5af9e3cfb80a54a9e7fe" (type string) at path "id" for model "Products"
    at model.Query.exec (C:\Users\CMT\Desktop\Workspace\backend\desafio_19_framework_koa\node_modules\mongoose\lib\query.js:4884:21)
    at Query.then (C:\Users\CMT\Desktop\Workspace\backend\desafio_19_framework_koa\node_modules\mongoose\lib\query.js:4983:15)
    at process.processTicksAndRejections (node:internal/process/task_queues:95:5) {
  messageFormat: undefined,
  stringValue: '"639b5af9e3cfb80a54a9e7fe"',
  kind: 'Number',
  value: '639b5af9e3cfb80a54a9e7fe',
  path: 'id',
  reason: AssertionError [ERR_ASSERTION]: The expression evaluated to a falsy value:
  
    assert.ok(!isNaN(val))
  
      at castNumber (C:\Users\CMT\Desktop\Workspace\backend\desafio_19_framework_koa\node_modules\mongoose\lib\cast\number.js:27:10)
      at SchemaNumber.cast (C:\Users\CMT\Desktop\Workspace\backend\desafio_19_framework_koa\node_modules\mongoose\lib\schema\number.js:376:12)
      at SchemaType.applySetters (C:\Users\CMT\Desktop\Workspace\backend\desafio_19_framework_koa\node_modules\mongoose\lib\schematype.js:1201:12)
      at SchemaType._castForQuery (C:\Users\CMT\Desktop\Workspace\backend\desafio_19_framework_koa\node_modules\mongoose\lib\schematype.js:1648:15)
      at SchemaNumber.castForQuery (C:\Users\CMT\Desktop\Workspace\backend\desafio_19_framework_koa\node_modules\mongoose\lib\schema\number.js:430:14)
      at SchemaType.castForQueryWrapper (C:\Users\CMT\Desktop\Workspace\backend\desafio_19_framework_koa\node_modules\mongoose\lib\schematype.js:1612:20)
      at cast (C:\Users\CMT\Desktop\Workspace\backend\desafio_19_framework_koa\node_modules\mongoose\lib\cast.js:347:32)
      at Query.cast (C:\Users\CMT\Desktop\Workspace\backend\desafio_19_framework_koa\node_modules\mongoose\lib\query.js:5312:12)
      at Query._castConditions (C:\Users\CMT\Desktop\Workspace\backend\desafio_19_framework_koa\node_modules\mongoose\lib\query.js:2198:10)
      at model.Query.<anonymous> (C:\Users\CMT\Desktop\Workspace\backend\desafio_19_framework_koa\node_modules\mongoose\lib\query.js:2225:8) {
    generatedMessage: true,
    code: 'ERR_ASSERTION',
    actual: false,
    expected: true,
    operator: '=='
  },
  valueType: 'string'
}
[2022-12-18T19:27:58.240] [ERROR] prod - CastError: Cast to ObjectId failed for value "1" (type string) at path "_id" for model "Carts"
    at model.Query.exec (C:\Users\CMT\Desktop\Workspace\backend\desafio_19_framework_koa\node_modules\mongoose\lib\query.js:4884:21)
    at Query.then (C:\Users\CMT\Desktop\Workspace\backend\desafio_19_framework_koa\node_modules\mongoose\lib\query.js:4983:15)
    at process.processTicksAndRejections (node:internal/process/task_queues:95:5) {
  messageFormat: undefined,
  stringValue: '"1"',
  kind: 'ObjectId',
  value: '1',
  path: '_id',
  reason: BSONTypeError: Argument passed in must be a string of 12 bytes or a string of 24 hex characters or an integer
      at new BSONTypeError (C:\Users\CMT\Desktop\Workspace\backend\desafio_19_framework_koa\node_modules\bson\lib\error.js:41:28)
      at new ObjectId (C:\Users\CMT\Desktop\Workspace\backend\desafio_19_framework_koa\node_modules\bson\lib\objectid.js:67:23)
      at castObjectId (C:\Users\CMT\Desktop\Workspace\backend\desafio_19_framework_koa\node_modules\mongoose\lib\cast\objectid.js:25:12)
      at ObjectId.cast (C:\Users\CMT\Desktop\Workspace\backend\desafio_19_framework_koa\node_modules\mongoose\lib\schema\objectid.js:246:12)
      at SchemaType.applySetters (C:\Users\CMT\Desktop\Workspace\backend\desafio_19_framework_koa\node_modules\mongoose\lib\schematype.js:1201:12)
      at SchemaType._castForQuery (C:\Users\CMT\Desktop\Workspace\backend\desafio_19_framework_koa\node_modules\mongoose\lib\schematype.js:1648:15)
      at SchemaType.castForQuery (C:\Users\CMT\Desktop\Workspace\backend\desafio_19_framework_koa\node_modules\mongoose\lib\schematype.js:1636:15)
      at SchemaType.castForQueryWrapper (C:\Users\CMT\Desktop\Workspace\backend\desafio_19_framework_koa\node_modules\mongoose\lib\schematype.js:1612:20)
      at cast (C:\Users\CMT\Desktop\Workspace\backend\desafio_19_framework_koa\node_modules\mongoose\lib\cast.js:347:32)
      at Query.cast (C:\Users\CMT\Desktop\Workspace\backend\desafio_19_framework_koa\node_modules\mongoose\lib\query.js:5312:12),
  valueType: 'string'
}
[2022-12-18T19:32:03.419] [ERROR] prod - CastError: Cast to ObjectId failed for value "1" (type string) at path "_id" for model "Carts"
    at model.Query.exec (C:\Users\CMT\Desktop\Workspace\backend\desafio_19_framework_koa\node_modules\mongoose\lib\query.js:4884:21)
    at Query.then (C:\Users\CMT\Desktop\Workspace\backend\desafio_19_framework_koa\node_modules\mongoose\lib\query.js:4983:15)
    at process.processTicksAndRejections (node:internal/process/task_queues:95:5) {
  messageFormat: undefined,
  stringValue: '"1"',
  kind: 'ObjectId',
  value: '1',
  path: '_id',
  reason: BSONTypeError: Argument passed in must be a string of 12 bytes or a string of 24 hex characters or an integer
      at new BSONTypeError (C:\Users\CMT\Desktop\Workspace\backend\desafio_19_framework_koa\node_modules\bson\lib\error.js:41:28)
      at new ObjectId (C:\Users\CMT\Desktop\Workspace\backend\desafio_19_framework_koa\node_modules\bson\lib\objectid.js:67:23)
      at castObjectId (C:\Users\CMT\Desktop\Workspace\backend\desafio_19_framework_koa\node_modules\mongoose\lib\cast\objectid.js:25:12)
      at ObjectId.cast (C:\Users\CMT\Desktop\Workspace\backend\desafio_19_framework_koa\node_modules\mongoose\lib\schema\objectid.js:246:12)
      at SchemaType.applySetters (C:\Users\CMT\Desktop\Workspace\backend\desafio_19_framework_koa\node_modules\mongoose\lib\schematype.js:1201:12)
      at SchemaType._castForQuery (C:\Users\CMT\Desktop\Workspace\backend\desafio_19_framework_koa\node_modules\mongoose\lib\schematype.js:1648:15)
      at SchemaType.castForQuery (C:\Users\CMT\Desktop\Workspace\backend\desafio_19_framework_koa\node_modules\mongoose\lib\schematype.js:1636:15)
      at SchemaType.castForQueryWrapper (C:\Users\CMT\Desktop\Workspace\backend\desafio_19_framework_koa\node_modules\mongoose\lib\schematype.js:1612:20)
      at cast (C:\Users\CMT\Desktop\Workspace\backend\desafio_19_framework_koa\node_modules\mongoose\lib\cast.js:347:32)
      at Query.cast (C:\Users\CMT\Desktop\Workspace\backend\desafio_19_framework_koa\node_modules\mongoose\lib\query.js:5312:12),
  valueType: 'string'
}
[2022-12-18T19:50:12.649] [ERROR] prod - Error: Carts validation failed: id: Path `id` is required.
    at ValidationError.inspect (C:\Users\CMT\Desktop\Workspace\backend\desafio_19_framework_koa\node_modules\mongoose\lib\error\validation.js:49:26)
    at formatValue (node:internal/util/inspect:806:19)
    at inspect (node:internal/util/inspect:365:10)
    at formatWithOptionsInternal (node:internal/util/inspect:2273:40)
    at Object.format (node:internal/util/inspect:2130:10)
    at basicLayout (C:\Users\CMT\Desktop\Workspace\backend\desafio_19_framework_koa\node_modules\log4js\lib\layouts.js:65:52)
    at app (C:\Users\CMT\Desktop\Workspace\backend\desafio_19_framework_koa\node_modules\log4js\lib\appenders\file.js:98:23)
    at C:\Users\CMT\Desktop\Workspace\backend\desafio_19_framework_koa\node_modules\log4js\lib\appenders\logLevelFilter.js:10:7
    at C:\Users\CMT\Desktop\Workspace\backend\desafio_19_framework_koa\node_modules\log4js\lib\log4js.js:43:5
    at Array.forEach (<anonymous>) {
  errors: {
    id: ValidatorError: Path `id` is required.
        at validate (C:\Users\CMT\Desktop\Workspace\backend\desafio_19_framework_koa\node_modules\mongoose\lib\schematype.js:1346:13)
        at SchemaType.doValidate (C:\Users\CMT\Desktop\Workspace\backend\desafio_19_framework_koa\node_modules\mongoose\lib\schematype.js:1330:7)
        at C:\Users\CMT\Desktop\Workspace\backend\desafio_19_framework_koa\node_modules\mongoose\lib\document.js:2834:18
        at process.processTicksAndRejections (node:internal/process/task_queues:77:11) {
      properties: [Object],
      kind: 'required',
      path: 'id',
      value: undefined,
      reason: undefined,
      [Symbol(mongoose:validatorError)]: true
    }
  },
  _message: 'Carts validation failed'
}
[2022-12-18T19:52:53.328] [ERROR] prod - MongoServerError: E11000 duplicate key error collection: test.carts index: id_1 dup key: { id: null }
    at C:\Users\CMT\Desktop\Workspace\backend\desafio_19_framework_koa\node_modules\mongodb\lib\operations\insert.js:53:33
    at C:\Users\CMT\Desktop\Workspace\backend\desafio_19_framework_koa\node_modules\mongodb\lib\cmap\connection_pool.js:299:25
    at C:\Users\CMT\Desktop\Workspace\backend\desafio_19_framework_koa\node_modules\mongodb\lib\sdam\server.js:212:17
    at handleOperationResult (C:\Users\CMT\Desktop\Workspace\backend\desafio_19_framework_koa\node_modules\mongodb\lib\sdam\server.js:284:20)
    at Connection.onMessage (C:\Users\CMT\Desktop\Workspace\backend\desafio_19_framework_koa\node_modules\mongodb\lib\cmap\connection.js:219:9)
    at MessageStream.<anonymous> (C:\Users\CMT\Desktop\Workspace\backend\desafio_19_framework_koa\node_modules\mongodb\lib\cmap\connection.js:60:60)
    at MessageStream.emit (node:events:513:28)
    at processIncomingData (C:\Users\CMT\Desktop\Workspace\backend\desafio_19_framework_koa\node_modules\mongodb\lib\cmap\message_stream.js:132:20)
    at MessageStream._write (C:\Users\CMT\Desktop\Workspace\backend\desafio_19_framework_koa\node_modules\mongodb\lib\cmap\message_stream.js:33:9)
    at writeOrBuffer (node:internal/streams/writable:392:12) {
  index: 0,
  code: 11000,
  keyPattern: { id: 1 },
  keyValue: { id: null },
  [Symbol(errorLabels)]: Set(0) {}
}
[2022-12-18T19:53:32.361] [ERROR] prod - MongoServerError: E11000 duplicate key error collection: test.carts index: id_1 dup key: { id: null }
    at C:\Users\CMT\Desktop\Workspace\backend\desafio_19_framework_koa\node_modules\mongodb\lib\operations\insert.js:53:33
    at C:\Users\CMT\Desktop\Workspace\backend\desafio_19_framework_koa\node_modules\mongodb\lib\cmap\connection_pool.js:299:25
    at C:\Users\CMT\Desktop\Workspace\backend\desafio_19_framework_koa\node_modules\mongodb\lib\sdam\server.js:212:17
    at handleOperationResult (C:\Users\CMT\Desktop\Workspace\backend\desafio_19_framework_koa\node_modules\mongodb\lib\sdam\server.js:284:20)
    at Connection.onMessage (C:\Users\CMT\Desktop\Workspace\backend\desafio_19_framework_koa\node_modules\mongodb\lib\cmap\connection.js:219:9)
    at MessageStream.<anonymous> (C:\Users\CMT\Desktop\Workspace\backend\desafio_19_framework_koa\node_modules\mongodb\lib\cmap\connection.js:60:60)
    at MessageStream.emit (node:events:513:28)
    at processIncomingData (C:\Users\CMT\Desktop\Workspace\backend\desafio_19_framework_koa\node_modules\mongodb\lib\cmap\message_stream.js:132:20)
    at MessageStream._write (C:\Users\CMT\Desktop\Workspace\backend\desafio_19_framework_koa\node_modules\mongodb\lib\cmap\message_stream.js:33:9)
    at writeOrBuffer (node:internal/streams/writable:392:12) {
  index: 0,
  code: 11000,
  keyPattern: { id: 1 },
  keyValue: { id: null },
  [Symbol(errorLabels)]: Set(0) {}
}
[2022-12-18T19:55:49.594] [ERROR] prod - MongoServerError: E11000 duplicate key error collection: test.carts index: id_1 dup key: { id: null }
    at C:\Users\CMT\Desktop\Workspace\backend\desafio_19_framework_koa\node_modules\mongodb\lib\operations\insert.js:53:33
    at C:\Users\CMT\Desktop\Workspace\backend\desafio_19_framework_koa\node_modules\mongodb\lib\cmap\connection_pool.js:299:25
    at C:\Users\CMT\Desktop\Workspace\backend\desafio_19_framework_koa\node_modules\mongodb\lib\sdam\server.js:212:17
    at handleOperationResult (C:\Users\CMT\Desktop\Workspace\backend\desafio_19_framework_koa\node_modules\mongodb\lib\sdam\server.js:284:20)
    at Connection.onMessage (C:\Users\CMT\Desktop\Workspace\backend\desafio_19_framework_koa\node_modules\mongodb\lib\cmap\connection.js:219:9)
    at MessageStream.<anonymous> (C:\Users\CMT\Desktop\Workspace\backend\desafio_19_framework_koa\node_modules\mongodb\lib\cmap\connection.js:60:60)
    at MessageStream.emit (node:events:513:28)
    at processIncomingData (C:\Users\CMT\Desktop\Workspace\backend\desafio_19_framework_koa\node_modules\mongodb\lib\cmap\message_stream.js:132:20)
    at MessageStream._write (C:\Users\CMT\Desktop\Workspace\backend\desafio_19_framework_koa\node_modules\mongodb\lib\cmap\message_stream.js:33:9)
    at writeOrBuffer (node:internal/streams/writable:392:12) {
  index: 0,
  code: 11000,
  keyPattern: { id: 1 },
  keyValue: { id: null },
  [Symbol(errorLabels)]: Set(0) {}
}
[2022-12-18T19:58:46.283] [ERROR] prod - MongoServerError: E11000 duplicate key error collection: test.carts index: id_1 dup key: { id: null }
    at C:\Users\CMT\Desktop\Workspace\backend\desafio_19_framework_koa\node_modules\mongodb\lib\operations\insert.js:53:33
    at C:\Users\CMT\Desktop\Workspace\backend\desafio_19_framework_koa\node_modules\mongodb\lib\cmap\connection_pool.js:299:25
    at C:\Users\CMT\Desktop\Workspace\backend\desafio_19_framework_koa\node_modules\mongodb\lib\sdam\server.js:212:17
    at handleOperationResult (C:\Users\CMT\Desktop\Workspace\backend\desafio_19_framework_koa\node_modules\mongodb\lib\sdam\server.js:284:20)
    at Connection.onMessage (C:\Users\CMT\Desktop\Workspace\backend\desafio_19_framework_koa\node_modules\mongodb\lib\cmap\connection.js:219:9)
    at MessageStream.<anonymous> (C:\Users\CMT\Desktop\Workspace\backend\desafio_19_framework_koa\node_modules\mongodb\lib\cmap\connection.js:60:60)
    at MessageStream.emit (node:events:513:28)
    at processIncomingData (C:\Users\CMT\Desktop\Workspace\backend\desafio_19_framework_koa\node_modules\mongodb\lib\cmap\message_stream.js:132:20)
    at MessageStream._write (C:\Users\CMT\Desktop\Workspace\backend\desafio_19_framework_koa\node_modules\mongodb\lib\cmap\message_stream.js:33:9)
    at writeOrBuffer (node:internal/streams/writable:392:12) {
  index: 0,
  code: 11000,
  keyPattern: { id: 1 },
  keyValue: { id: null },
  [Symbol(errorLabels)]: Set(0) {}
}
[2022-12-18T19:59:22.266] [ERROR] prod - MongoServerError: E11000 duplicate key error collection: test.carts index: id_1 dup key: { id: null }
    at C:\Users\CMT\Desktop\Workspace\backend\desafio_19_framework_koa\node_modules\mongodb\lib\operations\insert.js:53:33
    at C:\Users\CMT\Desktop\Workspace\backend\desafio_19_framework_koa\node_modules\mongodb\lib\cmap\connection_pool.js:299:25
    at C:\Users\CMT\Desktop\Workspace\backend\desafio_19_framework_koa\node_modules\mongodb\lib\sdam\server.js:212:17
    at handleOperationResult (C:\Users\CMT\Desktop\Workspace\backend\desafio_19_framework_koa\node_modules\mongodb\lib\sdam\server.js:284:20)
    at Connection.onMessage (C:\Users\CMT\Desktop\Workspace\backend\desafio_19_framework_koa\node_modules\mongodb\lib\cmap\connection.js:219:9)
    at MessageStream.<anonymous> (C:\Users\CMT\Desktop\Workspace\backend\desafio_19_framework_koa\node_modules\mongodb\lib\cmap\connection.js:60:60)
    at MessageStream.emit (node:events:513:28)
    at processIncomingData (C:\Users\CMT\Desktop\Workspace\backend\desafio_19_framework_koa\node_modules\mongodb\lib\cmap\message_stream.js:132:20)
    at MessageStream._write (C:\Users\CMT\Desktop\Workspace\backend\desafio_19_framework_koa\node_modules\mongodb\lib\cmap\message_stream.js:33:9)
    at writeOrBuffer (node:internal/streams/writable:392:12) {
  index: 0,
  code: 11000,
  keyPattern: { id: 1 },
  keyValue: { id: null },
  [Symbol(errorLabels)]: Set(0) {}
}
[2022-12-18T19:59:32.676] [ERROR] prod - MongoServerError: E11000 duplicate key error collection: test.carts index: id_1 dup key: { id: null }
    at C:\Users\CMT\Desktop\Workspace\backend\desafio_19_framework_koa\node_modules\mongodb\lib\operations\insert.js:53:33
    at C:\Users\CMT\Desktop\Workspace\backend\desafio_19_framework_koa\node_modules\mongodb\lib\cmap\connection_pool.js:299:25
    at C:\Users\CMT\Desktop\Workspace\backend\desafio_19_framework_koa\node_modules\mongodb\lib\sdam\server.js:212:17
    at handleOperationResult (C:\Users\CMT\Desktop\Workspace\backend\desafio_19_framework_koa\node_modules\mongodb\lib\sdam\server.js:284:20)
    at Connection.onMessage (C:\Users\CMT\Desktop\Workspace\backend\desafio_19_framework_koa\node_modules\mongodb\lib\cmap\connection.js:219:9)
    at MessageStream.<anonymous> (C:\Users\CMT\Desktop\Workspace\backend\desafio_19_framework_koa\node_modules\mongodb\lib\cmap\connection.js:60:60)
    at MessageStream.emit (node:events:513:28)
    at processIncomingData (C:\Users\CMT\Desktop\Workspace\backend\desafio_19_framework_koa\node_modules\mongodb\lib\cmap\message_stream.js:132:20)
    at MessageStream._write (C:\Users\CMT\Desktop\Workspace\backend\desafio_19_framework_koa\node_modules\mongodb\lib\cmap\message_stream.js:33:9)
    at writeOrBuffer (node:internal/streams/writable:392:12) {
  index: 0,
  code: 11000,
  keyPattern: { id: 1 },
  keyValue: { id: null },
  [Symbol(errorLabels)]: Set(0) {}
}
[2022-12-18T20:02:58.695] [ERROR] prod - MongoServerError: E11000 duplicate key error collection: test.carts index: id_1 dup key: { id: "3" }
    at C:\Users\CMT\Desktop\Workspace\backend\desafio_19_framework_koa\node_modules\mongodb\lib\operations\insert.js:53:33
    at C:\Users\CMT\Desktop\Workspace\backend\desafio_19_framework_koa\node_modules\mongodb\lib\cmap\connection_pool.js:299:25
    at C:\Users\CMT\Desktop\Workspace\backend\desafio_19_framework_koa\node_modules\mongodb\lib\sdam\server.js:212:17
    at handleOperationResult (C:\Users\CMT\Desktop\Workspace\backend\desafio_19_framework_koa\node_modules\mongodb\lib\sdam\server.js:284:20)
    at Connection.onMessage (C:\Users\CMT\Desktop\Workspace\backend\desafio_19_framework_koa\node_modules\mongodb\lib\cmap\connection.js:219:9)
    at MessageStream.<anonymous> (C:\Users\CMT\Desktop\Workspace\backend\desafio_19_framework_koa\node_modules\mongodb\lib\cmap\connection.js:60:60)
    at MessageStream.emit (node:events:513:28)
    at processIncomingData (C:\Users\CMT\Desktop\Workspace\backend\desafio_19_framework_koa\node_modules\mongodb\lib\cmap\message_stream.js:132:20)
    at MessageStream._write (C:\Users\CMT\Desktop\Workspace\backend\desafio_19_framework_koa\node_modules\mongodb\lib\cmap\message_stream.js:33:9)
    at writeOrBuffer (node:internal/streams/writable:392:12) {
  index: 0,
  code: 11000,
  keyPattern: { id: 1 },
  keyValue: { id: '3' },
  [Symbol(errorLabels)]: Set(0) {}
}
[2022-12-18T22:52:39.873] [ERROR] prod - MongoServerError: E11000 duplicate key error collection: test.carts index: id_1 dup key: { id: "4" }
    at C:\Users\CMT\Desktop\Workspace\backend\desafio_19_framework_koa\node_modules\mongodb\lib\operations\insert.js:53:33
    at C:\Users\CMT\Desktop\Workspace\backend\desafio_19_framework_koa\node_modules\mongodb\lib\cmap\connection_pool.js:299:25
    at C:\Users\CMT\Desktop\Workspace\backend\desafio_19_framework_koa\node_modules\mongodb\lib\sdam\server.js:212:17
    at handleOperationResult (C:\Users\CMT\Desktop\Workspace\backend\desafio_19_framework_koa\node_modules\mongodb\lib\sdam\server.js:284:20)
    at Connection.onMessage (C:\Users\CMT\Desktop\Workspace\backend\desafio_19_framework_koa\node_modules\mongodb\lib\cmap\connection.js:219:9)
    at MessageStream.<anonymous> (C:\Users\CMT\Desktop\Workspace\backend\desafio_19_framework_koa\node_modules\mongodb\lib\cmap\connection.js:60:60)
    at MessageStream.emit (node:events:513:28)
    at processIncomingData (C:\Users\CMT\Desktop\Workspace\backend\desafio_19_framework_koa\node_modules\mongodb\lib\cmap\message_stream.js:132:20)
    at MessageStream._write (C:\Users\CMT\Desktop\Workspace\backend\desafio_19_framework_koa\node_modules\mongodb\lib\cmap\message_stream.js:33:9)
    at writeOrBuffer (node:internal/streams/writable:392:12) {
  index: 0,
  code: 11000,
  keyPattern: { id: 1 },
  keyValue: { id: '4' },
  [Symbol(errorLabels)]: Set(0) {}
}
[2022-12-18T22:57:56.475] [ERROR] prod - CastError: Cast to ObjectId failed for value "639" (type number) at path "_id" for model "Carts"
    at model.Query.exec (C:\Users\CMT\Desktop\Workspace\backend\desafio_19_framework_koa\node_modules\mongoose\lib\query.js:4884:21)
    at Query.then (C:\Users\CMT\Desktop\Workspace\backend\desafio_19_framework_koa\node_modules\mongoose\lib\query.js:4983:15)
    at process.processTicksAndRejections (node:internal/process/task_queues:95:5) {
  messageFormat: undefined,
  stringValue: '"639"',
  kind: 'ObjectId',
  value: 639,
  path: '_id',
  reason: BSONTypeError: Argument passed in must be a string of 12 bytes or a string of 24 hex characters or an integer
      at new BSONTypeError (C:\Users\CMT\Desktop\Workspace\backend\desafio_19_framework_koa\node_modules\bson\lib\error.js:41:28)
      at new ObjectId (C:\Users\CMT\Desktop\Workspace\backend\desafio_19_framework_koa\node_modules\bson\lib\objectid.js:67:23)
      at castObjectId (C:\Users\CMT\Desktop\Workspace\backend\desafio_19_framework_koa\node_modules\mongoose\lib\cast\objectid.js:25:12)
      at ObjectId.cast (C:\Users\CMT\Desktop\Workspace\backend\desafio_19_framework_koa\node_modules\mongoose\lib\schema\objectid.js:246:12)
      at SchemaType.applySetters (C:\Users\CMT\Desktop\Workspace\backend\desafio_19_framework_koa\node_modules\mongoose\lib\schematype.js:1201:12)
      at SchemaType._castForQuery (C:\Users\CMT\Desktop\Workspace\backend\desafio_19_framework_koa\node_modules\mongoose\lib\schematype.js:1648:15)
      at SchemaType.castForQuery (C:\Users\CMT\Desktop\Workspace\backend\desafio_19_framework_koa\node_modules\mongoose\lib\schematype.js:1636:15)
      at SchemaType.castForQueryWrapper (C:\Users\CMT\Desktop\Workspace\backend\desafio_19_framework_koa\node_modules\mongoose\lib\schematype.js:1612:20)
      at cast (C:\Users\CMT\Desktop\Workspace\backend\desafio_19_framework_koa\node_modules\mongoose\lib\cast.js:347:32)
      at Query.cast (C:\Users\CMT\Desktop\Workspace\backend\desafio_19_framework_koa\node_modules\mongoose\lib\query.js:5312:12),
  valueType: 'number'
}
[2022-12-19T23:28:22.992] [ERROR] prod - Error al loguearse
[2022-12-20T00:17:44.627] [ERROR] prod - Error al loguearse
