[2022-10-25T15:45:52.661] [ERROR] prod - Error al loguearse
[2022-11-06T14:59:21.651] [ERROR] prod - Error al loguearse
[2022-11-08T14:27:57.291] [ERROR] prod - Error al loguearse
[2022-11-29T12:10:11.611] [ERROR] prod - MongoServerError: E11000 duplicate key error collection: test.products index: id_1 dup key: { id: null }
    at C:\Users\ctorchia\Desktop\CoderHouse\Workspace\backend\desafio_17_testeo_funcionalidades\node_modules\mongodb\lib\operations\insert.js:53:33
    at C:\Users\ctorchia\Desktop\CoderHouse\Workspace\backend\desafio_17_testeo_funcionalidades\node_modules\mongodb\lib\cmap\connection_pool.js:299:25
    at C:\Users\ctorchia\Desktop\CoderHouse\Workspace\backend\desafio_17_testeo_funcionalidades\node_modules\mongodb\lib\sdam\server.js:212:17
    at handleOperationResult (C:\Users\ctorchia\Desktop\CoderHouse\Workspace\backend\desafio_17_testeo_funcionalidades\node_modules\mongodb\lib\sdam\server.js:284:20)
    at Connection.onMessage (C:\Users\ctorchia\Desktop\CoderHouse\Workspace\backend\desafio_17_testeo_funcionalidades\node_modules\mongodb\lib\cmap\connection.js:219:9)
    at MessageStream.<anonymous> (C:\Users\ctorchia\Desktop\CoderHouse\Workspace\backend\desafio_17_testeo_funcionalidades\node_modules\mongodb\lib\cmap\connection.js:60:60)
    at MessageStream.emit (node:events:527:28)
    at processIncomingData (C:\Users\ctorchia\Desktop\CoderHouse\Workspace\backend\desafio_17_testeo_funcionalidades\node_modules\mongodb\lib\cmap\message_stream.js:132:20)
    at MessageStream._write (C:\Users\ctorchia\Desktop\CoderHouse\Workspace\backend\desafio_17_testeo_funcionalidades\node_modules\mongodb\lib\cmap\message_stream.js:33:9)
    at writeOrBuffer (node:internal/streams/writable:389:12) {
  index: 0,
  code: 11000,
  keyPattern: { id: 1 },
  keyValue: { id: null },
  [Symbol(errorLabels)]: Set(0) {}
}
[2022-11-29T12:11:29.713] [ERROR] prod - MongoServerError: E11000 duplicate key error collection: test.products index: id_1 dup key: { id: null }
    at C:\Users\ctorchia\Desktop\CoderHouse\Workspace\backend\desafio_17_testeo_funcionalidades\node_modules\mongodb\lib\operations\insert.js:53:33
    at C:\Users\ctorchia\Desktop\CoderHouse\Workspace\backend\desafio_17_testeo_funcionalidades\node_modules\mongodb\lib\cmap\connection_pool.js:299:25
    at C:\Users\ctorchia\Desktop\CoderHouse\Workspace\backend\desafio_17_testeo_funcionalidades\node_modules\mongodb\lib\sdam\server.js:212:17
    at handleOperationResult (C:\Users\ctorchia\Desktop\CoderHouse\Workspace\backend\desafio_17_testeo_funcionalidades\node_modules\mongodb\lib\sdam\server.js:284:20)
    at Connection.onMessage (C:\Users\ctorchia\Desktop\CoderHouse\Workspace\backend\desafio_17_testeo_funcionalidades\node_modules\mongodb\lib\cmap\connection.js:219:9)
    at MessageStream.<anonymous> (C:\Users\ctorchia\Desktop\CoderHouse\Workspace\backend\desafio_17_testeo_funcionalidades\node_modules\mongodb\lib\cmap\connection.js:60:60)
    at MessageStream.emit (node:events:527:28)
    at processIncomingData (C:\Users\ctorchia\Desktop\CoderHouse\Workspace\backend\desafio_17_testeo_funcionalidades\node_modules\mongodb\lib\cmap\message_stream.js:132:20)
    at MessageStream._write (C:\Users\ctorchia\Desktop\CoderHouse\Workspace\backend\desafio_17_testeo_funcionalidades\node_modules\mongodb\lib\cmap\message_stream.js:33:9)
    at writeOrBuffer (node:internal/streams/writable:389:12) {
  index: 0,
  code: 11000,
  keyPattern: { id: 1 },
  keyValue: { id: null },
  [Symbol(errorLabels)]: Set(0) {}
}
[2022-11-29T12:12:52.272] [ERROR] prod - MongoServerError: E11000 duplicate key error collection: test.products index: id_1 dup key: { id: null }
    at C:\Users\ctorchia\Desktop\CoderHouse\Workspace\backend\desafio_17_testeo_funcionalidades\node_modules\mongodb\lib\operations\insert.js:53:33
    at C:\Users\ctorchia\Desktop\CoderHouse\Workspace\backend\desafio_17_testeo_funcionalidades\node_modules\mongodb\lib\cmap\connection_pool.js:299:25
    at C:\Users\ctorchia\Desktop\CoderHouse\Workspace\backend\desafio_17_testeo_funcionalidades\node_modules\mongodb\lib\sdam\server.js:212:17
    at handleOperationResult (C:\Users\ctorchia\Desktop\CoderHouse\Workspace\backend\desafio_17_testeo_funcionalidades\node_modules\mongodb\lib\sdam\server.js:284:20)
    at Connection.onMessage (C:\Users\ctorchia\Desktop\CoderHouse\Workspace\backend\desafio_17_testeo_funcionalidades\node_modules\mongodb\lib\cmap\connection.js:219:9)
    at MessageStream.<anonymous> (C:\Users\ctorchia\Desktop\CoderHouse\Workspace\backend\desafio_17_testeo_funcionalidades\node_modules\mongodb\lib\cmap\connection.js:60:60)
    at MessageStream.emit (node:events:527:28)
    at processIncomingData (C:\Users\ctorchia\Desktop\CoderHouse\Workspace\backend\desafio_17_testeo_funcionalidades\node_modules\mongodb\lib\cmap\message_stream.js:132:20)
    at MessageStream._write (C:\Users\ctorchia\Desktop\CoderHouse\Workspace\backend\desafio_17_testeo_funcionalidades\node_modules\mongodb\lib\cmap\message_stream.js:33:9)
    at writeOrBuffer (node:internal/streams/writable:389:12) {
  index: 0,
  code: 11000,
  keyPattern: { id: 1 },
  keyValue: { id: null },
  [Symbol(errorLabels)]: Set(0) {}
}
[2022-11-29T12:13:27.310] [ERROR] prod - MongoServerError: E11000 duplicate key error collection: test.products index: id_1 dup key: { id: null }
    at C:\Users\ctorchia\Desktop\CoderHouse\Workspace\backend\desafio_17_testeo_funcionalidades\node_modules\mongodb\lib\operations\insert.js:53:33
    at C:\Users\ctorchia\Desktop\CoderHouse\Workspace\backend\desafio_17_testeo_funcionalidades\node_modules\mongodb\lib\cmap\connection_pool.js:299:25
    at C:\Users\ctorchia\Desktop\CoderHouse\Workspace\backend\desafio_17_testeo_funcionalidades\node_modules\mongodb\lib\sdam\server.js:212:17
    at handleOperationResult (C:\Users\ctorchia\Desktop\CoderHouse\Workspace\backend\desafio_17_testeo_funcionalidades\node_modules\mongodb\lib\sdam\server.js:284:20)
    at Connection.onMessage (C:\Users\ctorchia\Desktop\CoderHouse\Workspace\backend\desafio_17_testeo_funcionalidades\node_modules\mongodb\lib\cmap\connection.js:219:9)
    at MessageStream.<anonymous> (C:\Users\ctorchia\Desktop\CoderHouse\Workspace\backend\desafio_17_testeo_funcionalidades\node_modules\mongodb\lib\cmap\connection.js:60:60)
    at MessageStream.emit (node:events:527:28)
    at processIncomingData (C:\Users\ctorchia\Desktop\CoderHouse\Workspace\backend\desafio_17_testeo_funcionalidades\node_modules\mongodb\lib\cmap\message_stream.js:132:20)
    at MessageStream._write (C:\Users\ctorchia\Desktop\CoderHouse\Workspace\backend\desafio_17_testeo_funcionalidades\node_modules\mongodb\lib\cmap\message_stream.js:33:9)
    at writeOrBuffer (node:internal/streams/writable:389:12) {
  index: 0,
  code: 11000,
  keyPattern: { id: 1 },
  keyValue: { id: null },
  [Symbol(errorLabels)]: Set(0) {}
}
[2022-11-29T12:51:57.476] [ERROR] prod - MongoServerError: E11000 duplicate key error collection: test.products index: id_1 dup key: { id: null }
    at C:\Users\ctorchia\Desktop\CoderHouse\Workspace\backend\desafio_17_testeo_funcionalidades\node_modules\mongodb\lib\operations\insert.js:53:33
    at C:\Users\ctorchia\Desktop\CoderHouse\Workspace\backend\desafio_17_testeo_funcionalidades\node_modules\mongodb\lib\cmap\connection_pool.js:299:25
    at C:\Users\ctorchia\Desktop\CoderHouse\Workspace\backend\desafio_17_testeo_funcionalidades\node_modules\mongodb\lib\sdam\server.js:212:17
    at handleOperationResult (C:\Users\ctorchia\Desktop\CoderHouse\Workspace\backend\desafio_17_testeo_funcionalidades\node_modules\mongodb\lib\sdam\server.js:284:20)
    at Connection.onMessage (C:\Users\ctorchia\Desktop\CoderHouse\Workspace\backend\desafio_17_testeo_funcionalidades\node_modules\mongodb\lib\cmap\connection.js:219:9)
    at MessageStream.<anonymous> (C:\Users\ctorchia\Desktop\CoderHouse\Workspace\backend\desafio_17_testeo_funcionalidades\node_modules\mongodb\lib\cmap\connection.js:60:60)
    at MessageStream.emit (node:events:527:28)
    at processIncomingData (C:\Users\ctorchia\Desktop\CoderHouse\Workspace\backend\desafio_17_testeo_funcionalidades\node_modules\mongodb\lib\cmap\message_stream.js:132:20)
    at MessageStream._write (C:\Users\ctorchia\Desktop\CoderHouse\Workspace\backend\desafio_17_testeo_funcionalidades\node_modules\mongodb\lib\cmap\message_stream.js:33:9)
    at writeOrBuffer (node:internal/streams/writable:389:12) {
  index: 0,
  code: 11000,
  keyPattern: { id: 1 },
  keyValue: { id: null },
  [Symbol(errorLabels)]: Set(0) {}
}
[2022-11-29T13:58:42.449] [ERROR] prod - MongoServerError: E11000 duplicate key error collection: test.products index: id_1 dup key: { id: null }
    at C:\Users\ctorchia\Desktop\CoderHouse\Workspace\backend\desafio_17_testeo_funcionalidades\node_modules\mongodb\lib\operations\insert.js:53:33
    at C:\Users\ctorchia\Desktop\CoderHouse\Workspace\backend\desafio_17_testeo_funcionalidades\node_modules\mongodb\lib\cmap\connection_pool.js:299:25
    at C:\Users\ctorchia\Desktop\CoderHouse\Workspace\backend\desafio_17_testeo_funcionalidades\node_modules\mongodb\lib\sdam\server.js:212:17
    at handleOperationResult (C:\Users\ctorchia\Desktop\CoderHouse\Workspace\backend\desafio_17_testeo_funcionalidades\node_modules\mongodb\lib\sdam\server.js:284:20)
    at Connection.onMessage (C:\Users\ctorchia\Desktop\CoderHouse\Workspace\backend\desafio_17_testeo_funcionalidades\node_modules\mongodb\lib\cmap\connection.js:219:9)
    at MessageStream.<anonymous> (C:\Users\ctorchia\Desktop\CoderHouse\Workspace\backend\desafio_17_testeo_funcionalidades\node_modules\mongodb\lib\cmap\connection.js:60:60)
    at MessageStream.emit (node:events:527:28)
    at processIncomingData (C:\Users\ctorchia\Desktop\CoderHouse\Workspace\backend\desafio_17_testeo_funcionalidades\node_modules\mongodb\lib\cmap\message_stream.js:132:20)
    at MessageStream._write (C:\Users\ctorchia\Desktop\CoderHouse\Workspace\backend\desafio_17_testeo_funcionalidades\node_modules\mongodb\lib\cmap\message_stream.js:33:9)
    at writeOrBuffer (node:internal/streams/writable:389:12) {
  index: 0,
  code: 11000,
  keyPattern: { id: 1 },
  keyValue: { id: null },
  [Symbol(errorLabels)]: Set(0) {}
}
[2022-11-29T14:00:16.896] [ERROR] prod - MongoServerError: E11000 duplicate key error collection: test.products index: id_1 dup key: { id: null }
    at C:\Users\ctorchia\Desktop\CoderHouse\Workspace\backend\desafio_17_testeo_funcionalidades\node_modules\mongodb\lib\operations\insert.js:53:33
    at C:\Users\ctorchia\Desktop\CoderHouse\Workspace\backend\desafio_17_testeo_funcionalidades\node_modules\mongodb\lib\cmap\connection_pool.js:299:25
    at C:\Users\ctorchia\Desktop\CoderHouse\Workspace\backend\desafio_17_testeo_funcionalidades\node_modules\mongodb\lib\sdam\server.js:212:17
    at handleOperationResult (C:\Users\ctorchia\Desktop\CoderHouse\Workspace\backend\desafio_17_testeo_funcionalidades\node_modules\mongodb\lib\sdam\server.js:284:20)
    at Connection.onMessage (C:\Users\ctorchia\Desktop\CoderHouse\Workspace\backend\desafio_17_testeo_funcionalidades\node_modules\mongodb\lib\cmap\connection.js:219:9)
    at MessageStream.<anonymous> (C:\Users\ctorchia\Desktop\CoderHouse\Workspace\backend\desafio_17_testeo_funcionalidades\node_modules\mongodb\lib\cmap\connection.js:60:60)
    at MessageStream.emit (node:events:527:28)
    at processIncomingData (C:\Users\ctorchia\Desktop\CoderHouse\Workspace\backend\desafio_17_testeo_funcionalidades\node_modules\mongodb\lib\cmap\message_stream.js:132:20)
    at MessageStream._write (C:\Users\ctorchia\Desktop\CoderHouse\Workspace\backend\desafio_17_testeo_funcionalidades\node_modules\mongodb\lib\cmap\message_stream.js:33:9)
    at writeOrBuffer (node:internal/streams/writable:389:12) {
  index: 0,
  code: 11000,
  keyPattern: { id: 1 },
  keyValue: { id: null },
  [Symbol(errorLabels)]: Set(0) {}
}
[2022-11-29T14:05:29.980] [ERROR] prod - MongoServerError: E11000 duplicate key error collection: test.products index: id_1 dup key: { id: null }
    at C:\Users\ctorchia\Desktop\CoderHouse\Workspace\backend\desafio_17_testeo_funcionalidades\node_modules\mongodb\lib\operations\insert.js:53:33
    at C:\Users\ctorchia\Desktop\CoderHouse\Workspace\backend\desafio_17_testeo_funcionalidades\node_modules\mongodb\lib\cmap\connection_pool.js:299:25
    at C:\Users\ctorchia\Desktop\CoderHouse\Workspace\backend\desafio_17_testeo_funcionalidades\node_modules\mongodb\lib\sdam\server.js:212:17
    at handleOperationResult (C:\Users\ctorchia\Desktop\CoderHouse\Workspace\backend\desafio_17_testeo_funcionalidades\node_modules\mongodb\lib\sdam\server.js:284:20)
    at Connection.onMessage (C:\Users\ctorchia\Desktop\CoderHouse\Workspace\backend\desafio_17_testeo_funcionalidades\node_modules\mongodb\lib\cmap\connection.js:219:9)
    at MessageStream.<anonymous> (C:\Users\ctorchia\Desktop\CoderHouse\Workspace\backend\desafio_17_testeo_funcionalidades\node_modules\mongodb\lib\cmap\connection.js:60:60)
    at MessageStream.emit (node:events:527:28)
    at processIncomingData (C:\Users\ctorchia\Desktop\CoderHouse\Workspace\backend\desafio_17_testeo_funcionalidades\node_modules\mongodb\lib\cmap\message_stream.js:132:20)
    at MessageStream._write (C:\Users\ctorchia\Desktop\CoderHouse\Workspace\backend\desafio_17_testeo_funcionalidades\node_modules\mongodb\lib\cmap\message_stream.js:33:9)
    at writeOrBuffer (node:internal/streams/writable:389:12) {
  index: 0,
  code: 11000,
  keyPattern: { id: 1 },
  keyValue: { id: null },
  [Symbol(errorLabels)]: Set(0) {}
}
[2022-11-29T14:10:00.209] [ERROR] prod - MongoServerError: E11000 duplicate key error collection: test.products index: id_1 dup key: { id: null }
    at C:\Users\ctorchia\Desktop\CoderHouse\Workspace\backend\desafio_17_testeo_funcionalidades\node_modules\mongodb\lib\operations\insert.js:53:33
    at C:\Users\ctorchia\Desktop\CoderHouse\Workspace\backend\desafio_17_testeo_funcionalidades\node_modules\mongodb\lib\cmap\connection_pool.js:299:25
    at C:\Users\ctorchia\Desktop\CoderHouse\Workspace\backend\desafio_17_testeo_funcionalidades\node_modules\mongodb\lib\sdam\server.js:212:17
    at handleOperationResult (C:\Users\ctorchia\Desktop\CoderHouse\Workspace\backend\desafio_17_testeo_funcionalidades\node_modules\mongodb\lib\sdam\server.js:284:20)
    at Connection.onMessage (C:\Users\ctorchia\Desktop\CoderHouse\Workspace\backend\desafio_17_testeo_funcionalidades\node_modules\mongodb\lib\cmap\connection.js:219:9)
    at MessageStream.<anonymous> (C:\Users\ctorchia\Desktop\CoderHouse\Workspace\backend\desafio_17_testeo_funcionalidades\node_modules\mongodb\lib\cmap\connection.js:60:60)
    at MessageStream.emit (node:events:527:28)
    at processIncomingData (C:\Users\ctorchia\Desktop\CoderHouse\Workspace\backend\desafio_17_testeo_funcionalidades\node_modules\mongodb\lib\cmap\message_stream.js:132:20)
    at MessageStream._write (C:\Users\ctorchia\Desktop\CoderHouse\Workspace\backend\desafio_17_testeo_funcionalidades\node_modules\mongodb\lib\cmap\message_stream.js:33:9)
    at writeOrBuffer (node:internal/streams/writable:389:12) {
  index: 0,
  code: 11000,
  keyPattern: { id: 1 },
  keyValue: { id: null },
  [Symbol(errorLabels)]: Set(0) {}
}
[2022-11-29T14:39:22.274] [ERROR] prod - MongoServerError: E11000 duplicate key error collection: test.products index: id_1 dup key: { id: 4 }
    at C:\Users\ctorchia\Desktop\CoderHouse\Workspace\backend\desafio_17_testeo_funcionalidades\node_modules\mongodb\lib\operations\insert.js:53:33
    at C:\Users\ctorchia\Desktop\CoderHouse\Workspace\backend\desafio_17_testeo_funcionalidades\node_modules\mongodb\lib\cmap\connection_pool.js:299:25
    at C:\Users\ctorchia\Desktop\CoderHouse\Workspace\backend\desafio_17_testeo_funcionalidades\node_modules\mongodb\lib\sdam\server.js:212:17
    at handleOperationResult (C:\Users\ctorchia\Desktop\CoderHouse\Workspace\backend\desafio_17_testeo_funcionalidades\node_modules\mongodb\lib\sdam\server.js:284:20)
    at Connection.onMessage (C:\Users\ctorchia\Desktop\CoderHouse\Workspace\backend\desafio_17_testeo_funcionalidades\node_modules\mongodb\lib\cmap\connection.js:219:9)
    at MessageStream.<anonymous> (C:\Users\ctorchia\Desktop\CoderHouse\Workspace\backend\desafio_17_testeo_funcionalidades\node_modules\mongodb\lib\cmap\connection.js:60:60)
    at MessageStream.emit (node:events:527:28)
    at processIncomingData (C:\Users\ctorchia\Desktop\CoderHouse\Workspace\backend\desafio_17_testeo_funcionalidades\node_modules\mongodb\lib\cmap\message_stream.js:132:20)
    at MessageStream._write (C:\Users\ctorchia\Desktop\CoderHouse\Workspace\backend\desafio_17_testeo_funcionalidades\node_modules\mongodb\lib\cmap\message_stream.js:33:9)
    at writeOrBuffer (node:internal/streams/writable:389:12) {
  index: 0,
  code: 11000,
  keyPattern: { id: 1 },
  keyValue: { id: 4 },
  [Symbol(errorLabels)]: Set(0) {}
}
[2022-11-29T14:44:58.201] [ERROR] prod - MongoServerError: E11000 duplicate key error collection: test.products index: id_1 dup key: { id: 4 }
    at C:\Users\ctorchia\Desktop\CoderHouse\Workspace\backend\desafio_17_testeo_funcionalidades\node_modules\mongodb\lib\operations\insert.js:53:33
    at C:\Users\ctorchia\Desktop\CoderHouse\Workspace\backend\desafio_17_testeo_funcionalidades\node_modules\mongodb\lib\cmap\connection_pool.js:299:25
    at C:\Users\ctorchia\Desktop\CoderHouse\Workspace\backend\desafio_17_testeo_funcionalidades\node_modules\mongodb\lib\sdam\server.js:212:17
    at handleOperationResult (C:\Users\ctorchia\Desktop\CoderHouse\Workspace\backend\desafio_17_testeo_funcionalidades\node_modules\mongodb\lib\sdam\server.js:284:20)
    at Connection.onMessage (C:\Users\ctorchia\Desktop\CoderHouse\Workspace\backend\desafio_17_testeo_funcionalidades\node_modules\mongodb\lib\cmap\connection.js:219:9)
    at MessageStream.<anonymous> (C:\Users\ctorchia\Desktop\CoderHouse\Workspace\backend\desafio_17_testeo_funcionalidades\node_modules\mongodb\lib\cmap\connection.js:60:60)
    at MessageStream.emit (node:events:527:28)
    at processIncomingData (C:\Users\ctorchia\Desktop\CoderHouse\Workspace\backend\desafio_17_testeo_funcionalidades\node_modules\mongodb\lib\cmap\message_stream.js:132:20)
    at MessageStream._write (C:\Users\ctorchia\Desktop\CoderHouse\Workspace\backend\desafio_17_testeo_funcionalidades\node_modules\mongodb\lib\cmap\message_stream.js:33:9)
    at writeOrBuffer (node:internal/streams/writable:389:12) {
  index: 0,
  code: 11000,
  keyPattern: { id: 1 },
  keyValue: { id: 4 },
  [Symbol(errorLabels)]: Set(0) {}
}
[2022-11-30T08:58:01.665] [ERROR] prod - MongoServerError: E11000 duplicate key error collection: test.products index: id_1 dup key: { id: 4 }
    at C:\Users\ctorchia\Desktop\CoderHouse\Workspace\backend\desafio_17_testeo_funcionalidades\node_modules\mongodb\lib\operations\insert.js:53:33
    at C:\Users\ctorchia\Desktop\CoderHouse\Workspace\backend\desafio_17_testeo_funcionalidades\node_modules\mongodb\lib\cmap\connection_pool.js:299:25
    at C:\Users\ctorchia\Desktop\CoderHouse\Workspace\backend\desafio_17_testeo_funcionalidades\node_modules\mongodb\lib\sdam\server.js:212:17
    at handleOperationResult (C:\Users\ctorchia\Desktop\CoderHouse\Workspace\backend\desafio_17_testeo_funcionalidades\node_modules\mongodb\lib\sdam\server.js:284:20)
    at Connection.onMessage (C:\Users\ctorchia\Desktop\CoderHouse\Workspace\backend\desafio_17_testeo_funcionalidades\node_modules\mongodb\lib\cmap\connection.js:219:9)
    at MessageStream.<anonymous> (C:\Users\ctorchia\Desktop\CoderHouse\Workspace\backend\desafio_17_testeo_funcionalidades\node_modules\mongodb\lib\cmap\connection.js:60:60)
    at MessageStream.emit (node:events:527:28)
    at processIncomingData (C:\Users\ctorchia\Desktop\CoderHouse\Workspace\backend\desafio_17_testeo_funcionalidades\node_modules\mongodb\lib\cmap\message_stream.js:132:20)
    at MessageStream._write (C:\Users\ctorchia\Desktop\CoderHouse\Workspace\backend\desafio_17_testeo_funcionalidades\node_modules\mongodb\lib\cmap\message_stream.js:33:9)
    at writeOrBuffer (node:internal/streams/writable:389:12) {
  index: 0,
  code: 11000,
  keyPattern: { id: 1 },
  keyValue: { id: 4 },
  [Symbol(errorLabels)]: Set(0) {}
}
[2022-11-30T09:06:19.384] [ERROR] prod - MongoServerError: E11000 duplicate key error collection: test.products index: id_1 dup key: { id: 4 }
    at C:\Users\ctorchia\Desktop\CoderHouse\Workspace\backend\desafio_17_testeo_funcionalidades\node_modules\mongodb\lib\operations\insert.js:53:33
    at C:\Users\ctorchia\Desktop\CoderHouse\Workspace\backend\desafio_17_testeo_funcionalidades\node_modules\mongodb\lib\cmap\connection_pool.js:299:25
    at C:\Users\ctorchia\Desktop\CoderHouse\Workspace\backend\desafio_17_testeo_funcionalidades\node_modules\mongodb\lib\sdam\server.js:212:17
    at handleOperationResult (C:\Users\ctorchia\Desktop\CoderHouse\Workspace\backend\desafio_17_testeo_funcionalidades\node_modules\mongodb\lib\sdam\server.js:284:20)
    at Connection.onMessage (C:\Users\ctorchia\Desktop\CoderHouse\Workspace\backend\desafio_17_testeo_funcionalidades\node_modules\mongodb\lib\cmap\connection.js:219:9)
    at MessageStream.<anonymous> (C:\Users\ctorchia\Desktop\CoderHouse\Workspace\backend\desafio_17_testeo_funcionalidades\node_modules\mongodb\lib\cmap\connection.js:60:60)
    at MessageStream.emit (node:events:527:28)
    at processIncomingData (C:\Users\ctorchia\Desktop\CoderHouse\Workspace\backend\desafio_17_testeo_funcionalidades\node_modules\mongodb\lib\cmap\message_stream.js:132:20)
    at MessageStream._write (C:\Users\ctorchia\Desktop\CoderHouse\Workspace\backend\desafio_17_testeo_funcionalidades\node_modules\mongodb\lib\cmap\message_stream.js:33:9)
    at writeOrBuffer (node:internal/streams/writable:389:12) {
  index: 0,
  code: 11000,
  keyPattern: { id: 1 },
  keyValue: { id: 4 },
  [Symbol(errorLabels)]: Set(0) {}
}
[2022-11-30T09:16:08.870] [ERROR] prod - MongoServerError: E11000 duplicate key error collection: test.products index: id_1 dup key: { id: 4 }
    at C:\Users\ctorchia\Desktop\CoderHouse\Workspace\backend\desafio_17_testeo_funcionalidades\node_modules\mongodb\lib\operations\insert.js:53:33
    at C:\Users\ctorchia\Desktop\CoderHouse\Workspace\backend\desafio_17_testeo_funcionalidades\node_modules\mongodb\lib\cmap\connection_pool.js:299:25
    at C:\Users\ctorchia\Desktop\CoderHouse\Workspace\backend\desafio_17_testeo_funcionalidades\node_modules\mongodb\lib\sdam\server.js:212:17
    at handleOperationResult (C:\Users\ctorchia\Desktop\CoderHouse\Workspace\backend\desafio_17_testeo_funcionalidades\node_modules\mongodb\lib\sdam\server.js:284:20)
    at Connection.onMessage (C:\Users\ctorchia\Desktop\CoderHouse\Workspace\backend\desafio_17_testeo_funcionalidades\node_modules\mongodb\lib\cmap\connection.js:219:9)
    at MessageStream.<anonymous> (C:\Users\ctorchia\Desktop\CoderHouse\Workspace\backend\desafio_17_testeo_funcionalidades\node_modules\mongodb\lib\cmap\connection.js:60:60)
    at MessageStream.emit (node:events:527:28)
    at processIncomingData (C:\Users\ctorchia\Desktop\CoderHouse\Workspace\backend\desafio_17_testeo_funcionalidades\node_modules\mongodb\lib\cmap\message_stream.js:132:20)
    at MessageStream._write (C:\Users\ctorchia\Desktop\CoderHouse\Workspace\backend\desafio_17_testeo_funcionalidades\node_modules\mongodb\lib\cmap\message_stream.js:33:9)
    at writeOrBuffer (node:internal/streams/writable:389:12) {
  index: 0,
  code: 11000,
  keyPattern: { id: 1 },
  keyValue: { id: 4 },
  [Symbol(errorLabels)]: Set(0) {}
}
[2022-11-30T09:23:58.270] [ERROR] prod - MongoServerError: E11000 duplicate key error collection: test.products index: id_1 dup key: { id: 4 }
    at C:\Users\ctorchia\Desktop\CoderHouse\Workspace\backend\desafio_17_testeo_funcionalidades\node_modules\mongodb\lib\operations\insert.js:53:33
    at C:\Users\ctorchia\Desktop\CoderHouse\Workspace\backend\desafio_17_testeo_funcionalidades\node_modules\mongodb\lib\cmap\connection_pool.js:299:25
    at C:\Users\ctorchia\Desktop\CoderHouse\Workspace\backend\desafio_17_testeo_funcionalidades\node_modules\mongodb\lib\sdam\server.js:212:17
    at handleOperationResult (C:\Users\ctorchia\Desktop\CoderHouse\Workspace\backend\desafio_17_testeo_funcionalidades\node_modules\mongodb\lib\sdam\server.js:284:20)
    at Connection.onMessage (C:\Users\ctorchia\Desktop\CoderHouse\Workspace\backend\desafio_17_testeo_funcionalidades\node_modules\mongodb\lib\cmap\connection.js:219:9)
    at MessageStream.<anonymous> (C:\Users\ctorchia\Desktop\CoderHouse\Workspace\backend\desafio_17_testeo_funcionalidades\node_modules\mongodb\lib\cmap\connection.js:60:60)
    at MessageStream.emit (node:events:527:28)
    at processIncomingData (C:\Users\ctorchia\Desktop\CoderHouse\Workspace\backend\desafio_17_testeo_funcionalidades\node_modules\mongodb\lib\cmap\message_stream.js:132:20)
    at MessageStream._write (C:\Users\ctorchia\Desktop\CoderHouse\Workspace\backend\desafio_17_testeo_funcionalidades\node_modules\mongodb\lib\cmap\message_stream.js:33:9)
    at writeOrBuffer (node:internal/streams/writable:389:12) {
  index: 0,
  code: 11000,
  keyPattern: { id: 1 },
  keyValue: { id: 4 },
  [Symbol(errorLabels)]: Set(0) {}
}
[2022-12-08T15:10:50.397] [ERROR] prod - Error: Products validation failed: thumbnail: Path `thumbnail` is required., code: Path `code` is required.
    at ValidationError.inspect (C:\Users\ctorchia\Desktop\CoderHouse\Workspace\backend\desafio_18_graphql\node_modules\mongoose\lib\error\validation.js:49:26)
    at formatValue (node:internal/util/inspect:782:19)
    at inspect (node:internal/util/inspect:347:10)
    at formatWithOptionsInternal (node:internal/util/inspect:2167:40)
    at Object.format (node:internal/util/inspect:2021:10)
    at basicLayout (C:\Users\ctorchia\Desktop\CoderHouse\Workspace\backend\desafio_18_graphql\node_modules\log4js\lib\layouts.js:65:52)
    at app (C:\Users\ctorchia\Desktop\CoderHouse\Workspace\backend\desafio_18_graphql\node_modules\log4js\lib\appenders\file.js:98:23)
    at C:\Users\ctorchia\Desktop\CoderHouse\Workspace\backend\desafio_18_graphql\node_modules\log4js\lib\appenders\logLevelFilter.js:10:7
    at C:\Users\ctorchia\Desktop\CoderHouse\Workspace\backend\desafio_18_graphql\node_modules\log4js\lib\log4js.js:43:5
    at Array.forEach (<anonymous>) {
  errors: {
    thumbnail: ValidatorError: Path `thumbnail` is required.
        at validate (C:\Users\ctorchia\Desktop\CoderHouse\Workspace\backend\desafio_18_graphql\node_modules\mongoose\lib\schematype.js:1346:13)
        at SchemaString.SchemaType.doValidate (C:\Users\ctorchia\Desktop\CoderHouse\Workspace\backend\desafio_18_graphql\node_modules\mongoose\lib\schematype.js:1330:7)
        at C:\Users\ctorchia\Desktop\CoderHouse\Workspace\backend\desafio_18_graphql\node_modules\mongoose\lib\document.js:2834:18
        at processTicksAndRejections (node:internal/process/task_queues:78:11) {
      properties: [Object],
      kind: 'required',
      path: 'thumbnail',
      value: undefined,
      reason: undefined,
      [Symbol(mongoose:validatorError)]: true
    },
    code: ValidatorError: Path `code` is required.
        at validate (C:\Users\ctorchia\Desktop\CoderHouse\Workspace\backend\desafio_18_graphql\node_modules\mongoose\lib\schematype.js:1346:13)
        at SchemaString.SchemaType.doValidate (C:\Users\ctorchia\Desktop\CoderHouse\Workspace\backend\desafio_18_graphql\node_modules\mongoose\lib\schematype.js:1330:7)
        at C:\Users\ctorchia\Desktop\CoderHouse\Workspace\backend\desafio_18_graphql\node_modules\mongoose\lib\document.js:2834:18
        at processTicksAndRejections (node:internal/process/task_queues:78:11) {
      properties: [Object],
      kind: 'required',
      path: 'code',
      value: undefined,
      reason: undefined,
      [Symbol(mongoose:validatorError)]: true
    }
  },
  _message: 'Products validation failed'
}
[2022-12-08T15:11:59.519] [ERROR] prod - Error: Products validation failed: thumbnail: Path `thumbnail` is required.
    at ValidationError.inspect (C:\Users\ctorchia\Desktop\CoderHouse\Workspace\backend\desafio_18_graphql\node_modules\mongoose\lib\error\validation.js:49:26)
    at formatValue (node:internal/util/inspect:782:19)
    at inspect (node:internal/util/inspect:347:10)
    at formatWithOptionsInternal (node:internal/util/inspect:2167:40)
    at Object.format (node:internal/util/inspect:2021:10)
    at basicLayout (C:\Users\ctorchia\Desktop\CoderHouse\Workspace\backend\desafio_18_graphql\node_modules\log4js\lib\layouts.js:65:52)
    at app (C:\Users\ctorchia\Desktop\CoderHouse\Workspace\backend\desafio_18_graphql\node_modules\log4js\lib\appenders\file.js:98:23)
    at C:\Users\ctorchia\Desktop\CoderHouse\Workspace\backend\desafio_18_graphql\node_modules\log4js\lib\appenders\logLevelFilter.js:10:7
    at C:\Users\ctorchia\Desktop\CoderHouse\Workspace\backend\desafio_18_graphql\node_modules\log4js\lib\log4js.js:43:5
    at Array.forEach (<anonymous>) {
  errors: {
    thumbnail: ValidatorError: Path `thumbnail` is required.
        at validate (C:\Users\ctorchia\Desktop\CoderHouse\Workspace\backend\desafio_18_graphql\node_modules\mongoose\lib\schematype.js:1346:13)
        at SchemaString.SchemaType.doValidate (C:\Users\ctorchia\Desktop\CoderHouse\Workspace\backend\desafio_18_graphql\node_modules\mongoose\lib\schematype.js:1330:7)
        at C:\Users\ctorchia\Desktop\CoderHouse\Workspace\backend\desafio_18_graphql\node_modules\mongoose\lib\document.js:2834:18
        at processTicksAndRejections (node:internal/process/task_queues:78:11) {
      properties: [Object],
      kind: 'required',
      path: 'thumbnail',
      value: undefined,
      reason: undefined,
      [Symbol(mongoose:validatorError)]: true
    }
  },
  _message: 'Products validation failed'
}
